[ 2018-09-07T14:42:55+08:00 ][ sql ] [ DB ] CONNECT:[ UseTime:0.014001s ] mysql:host=127.0.0.1;dbname=leqiubaobei;charset=utf8
[ 2018-09-07T14:42:55+08:00 ][ sql ] [ SQL ] SHOW TABLE STATUS LIKE 'tp_video_class' [ RunTime:0.048003s ]
[ 2018-09-07T14:42:55+08:00 ][ sql ] [ SQL ] SELECT * FROM `information_schema`.`columns` WHERE TABLE_SCHEMA = 'leqiubaobei' AND table_name = 'tp_video_class' ORDER BY ORDINAL_POSITION [ RunTime:0.018001s ]
[ 2018-09-07T14:44:01+08:00 ][ sql ] [ DB ] CONNECT:[ UseTime:0.020001s ] mysql:host=127.0.0.1;dbname=leqiubaobei;charset=utf8
[ 2018-09-07T14:44:01+08:00 ][ sql ] [ SQL ] SHOW TABLE STATUS LIKE 'tp_video_lesson' [ RunTime:0.003001s ]
[ 2018-09-07T14:44:01+08:00 ][ sql ] [ SQL ] SELECT * FROM `information_schema`.`columns` WHERE TABLE_SCHEMA = 'leqiubaobei' AND table_name = 'tp_video_lesson' ORDER BY ORDINAL_POSITION [ RunTime:0.001000s ]
[ 2018-09-07T14:44:21+08:00 ][ sql ] [ DB ] CONNECT:[ UseTime:0.011000s ] mysql:host=127.0.0.1;dbname=leqiubaobei;charset=utf8
[ 2018-09-07T14:44:21+08:00 ][ sql ] [ SQL ] SHOW TABLE STATUS LIKE 'tp_video_episode' [ RunTime:0.003001s ]
[ 2018-09-07T14:44:21+08:00 ][ sql ] [ SQL ] SELECT * FROM `information_schema`.`columns` WHERE TABLE_SCHEMA = 'leqiubaobei' AND table_name = 'tp_video_episode' ORDER BY ORDINAL_POSITION [ RunTime:0.002000s ]
[ 2018-09-07T17:06:58+08:00 ][ sql ] [ DB ] CONNECT:[ UseTime:0.013001s ] mysql:host=127.0.0.1;dbname=leqiubaobei;charset=utf8
[ 2018-09-07T17:06:58+08:00 ][ sql ] [ SQL ] SHOW COLUMNS FROM `fa_auth_rule` [ RunTime:0.063004s ]
[ 2018-09-07T17:06:58+08:00 ][ sql ] [ SQL ] SELECT * FROM `fa_auth_rule` WHERE  `name` = 'video' LIMIT 1 [ RunTime:0.001000s ]
[ 2018-09-07T17:06:58+08:00 ][ sql ] [ SQL ] INSERT INTO `fa_auth_rule` (`pid` , `name` , `title` , `icon` , `remark` , `ismenu` , `status` , `createtime` , `updatetime`) VALUES (0 , 'video' , 'video' , 'fa fa-list' , '' , 1 , 'normal' , 1536311218 , 1536311218) [ RunTime:0.073004s ]
[ 2018-09-07T17:06:58+08:00 ][ sql ] [ SQL ] SELECT * FROM `fa_auth_rule` WHERE  `name` = 'video/class' LIMIT 1 [ RunTime:0.001000s ]
[ 2018-09-07T17:06:58+08:00 ][ sql ] [ SQL ] INSERT INTO `fa_auth_rule` (`pid` , `name` , `title` , `icon` , `remark` , `ismenu` , `status` , `createtime` , `updatetime`) VALUES (85 , 'video/class' , '班级管理' , 'fa fa-circle-o' , '' , 1 , 'normal' , 1536311218 , 1536311218) [ RunTime:0.036002s ]
[ 2018-09-07T17:06:58+08:00 ][ sql ] [ SQL ] SELECT `id` FROM `fa_auth_rule` WHERE  `name` = 'video/class/index' LIMIT 1 [ RunTime:0.002000s ]
[ 2018-09-07T17:06:58+08:00 ][ sql ] [ SQL ] SELECT `id` FROM `fa_auth_rule` WHERE  `name` = 'video/class/add' LIMIT 1 [ RunTime:0.001000s ]
[ 2018-09-07T17:06:58+08:00 ][ sql ] [ SQL ] SELECT `id` FROM `fa_auth_rule` WHERE  `name` = 'video/class/edit' LIMIT 1 [ RunTime:0.002000s ]
[ 2018-09-07T17:06:58+08:00 ][ sql ] [ SQL ] SELECT `id` FROM `fa_auth_rule` WHERE  `name` = 'video/class/del' LIMIT 1 [ RunTime:0.001000s ]
[ 2018-09-07T17:06:58+08:00 ][ sql ] [ SQL ] SELECT `id` FROM `fa_auth_rule` WHERE  `name` = 'video/class/multi' LIMIT 1 [ RunTime:0.003000s ]
[ 2018-09-07T17:06:58+08:00 ][ sql ] [ SQL ] INSERT INTO `fa_auth_rule` (`id` , `pid` , `name` , `icon` , `title` , `ismenu` , `status` , `createtime` , `updatetime`) VALUES (NULL , 86 , 'video/class/index' , 'fa fa-circle-o' , '查看' , 0 , 'normal' , 1536311218 , 1536311218) [ RunTime:0.011000s ]
[ 2018-09-07T17:06:58+08:00 ][ sql ] [ SQL ] INSERT INTO `fa_auth_rule` (`id` , `pid` , `name` , `icon` , `title` , `ismenu` , `status` , `createtime` , `updatetime`) VALUES (NULL , 86 , 'video/class/add' , 'fa fa-circle-o' , '添加' , 0 , 'normal' , 1536311218 , 1536311218) [ RunTime:0.001000s ]
[ 2018-09-07T17:06:58+08:00 ][ sql ] [ SQL ] INSERT INTO `fa_auth_rule` (`id` , `pid` , `name` , `icon` , `title` , `ismenu` , `status` , `createtime` , `updatetime`) VALUES (NULL , 86 , 'video/class/edit' , 'fa fa-circle-o' , '编辑' , 0 , 'normal' , 1536311218 , 1536311218) [ RunTime:0.001000s ]
[ 2018-09-07T17:06:58+08:00 ][ sql ] [ SQL ] INSERT INTO `fa_auth_rule` (`id` , `pid` , `name` , `icon` , `title` , `ismenu` , `status` , `createtime` , `updatetime`) VALUES (NULL , 86 , 'video/class/del' , 'fa fa-circle-o' , '删除' , 0 , 'normal' , 1536311218 , 1536311218) [ RunTime:0.001000s ]
[ 2018-09-07T17:06:58+08:00 ][ sql ] [ SQL ] INSERT INTO `fa_auth_rule` (`id` , `pid` , `name` , `icon` , `title` , `ismenu` , `status` , `createtime` , `updatetime`) VALUES (NULL , 86 , 'video/class/multi' , 'fa fa-circle-o' , '批量更新' , 0 , 'normal' , 1536311218 , 1536311218) [ RunTime:0.001000s ]
[ 2018-09-07T17:11:19+08:00 ][ info ] [ BEHAVIOR ] Run Closure @app_init [ RunTime:0.000000s ]
[ info ] [ LOG ] INIT File
[ 2018-09-07T17:11:19+08:00 ][ info ] [ CACHE ] INIT File
[ 2018-09-07T17:11:19+08:00 ][ info ] [ BEHAVIOR ] Run Closure @app_init [ RunTime:0.006000s ]
[ 2018-09-07T17:11:19+08:00 ][ info ] [ DB ] INIT mysql
[ 2018-09-07T17:11:19+08:00 ][ sql ] [ DB ] CONNECT:[ UseTime:0.018001s ] mysql:host=127.0.0.1;dbname=leqiubaobei;charset=utf8
[ 2018-09-07T17:11:19+08:00 ][ sql ] [ SQL ] SHOW TABLE STATUS LIKE 'tp_video_class' [ RunTime:0.002000s ]
[ 2018-09-07T17:11:19+08:00 ][ sql ] [ SQL ] SHOW TABLE STATUS LIKE 'fa_tp_video_class' [ RunTime:0.001000s ]
[ 2018-09-07T17:11:34+08:00 ][ info ] [ BEHAVIOR ] Run Closure @app_init [ RunTime:0.001000s ]
[ info ] [ LOG ] INIT File
[ 2018-09-07T17:11:34+08:00 ][ info ] [ CACHE ] INIT File
[ 2018-09-07T17:11:34+08:00 ][ info ] [ BEHAVIOR ] Run Closure @app_init [ RunTime:0.008001s ]
[ 2018-09-07T17:11:34+08:00 ][ info ] [ DB ] INIT mysql
[ 2018-09-07T17:11:34+08:00 ][ sql ] [ DB ] CONNECT:[ UseTime:0.018001s ] mysql:host=127.0.0.1;dbname=leqiubaobei;charset=utf8
[ 2018-09-07T17:11:34+08:00 ][ sql ] [ SQL ] SHOW TABLE STATUS LIKE 'tp_video_class' [ RunTime:0.003000s ]
[ 2018-09-07T17:12:34+08:00 ][ info ] [ BEHAVIOR ] Run Closure @app_init [ RunTime:0.000000s ]
[ info ] [ LOG ] INIT File
[ 2018-09-07T17:12:34+08:00 ][ info ] [ CACHE ] INIT File
[ 2018-09-07T17:12:34+08:00 ][ info ] [ BEHAVIOR ] Run Closure @app_init [ RunTime:0.004000s ]
[ 2018-09-07T17:12:34+08:00 ][ info ] [ DB ] INIT mysql
[ 2018-09-07T17:12:34+08:00 ][ sql ] [ DB ] CONNECT:[ UseTime:0.009001s ] mysql:host=127.0.0.1;dbname=leqiubaobei;charset=utf8
[ 2018-09-07T17:12:34+08:00 ][ sql ] [ SQL ] SHOW TABLE STATUS LIKE 'video_class' [ RunTime:0.044002s ]
[ 2018-09-07T17:12:34+08:00 ][ sql ] [ SQL ] SHOW TABLE STATUS LIKE 'fa_video_class' [ RunTime:0.003000s ]
[ 2018-09-07T17:12:56+08:00 ][ info ] [ BEHAVIOR ] Run Closure @app_init [ RunTime:0.001000s ]
[ info ] [ LOG ] INIT File
[ 2018-09-07T17:12:56+08:00 ][ info ] [ CACHE ] INIT File
[ 2018-09-07T17:12:56+08:00 ][ info ] [ BEHAVIOR ] Run Closure @app_init [ RunTime:0.006000s ]
[ 2018-09-07T17:12:56+08:00 ][ info ] [ DB ] INIT mysql
[ 2018-09-07T17:12:56+08:00 ][ sql ] [ DB ] CONNECT:[ UseTime:0.009001s ] mysql:host=127.0.0.1;dbname=leqiubaobei;charset=utf8
[ 2018-09-07T17:12:56+08:00 ][ sql ] [ SQL ] SHOW TABLE STATUS LIKE 'tp_video_class' [ RunTime:0.020001s ]
[ 2018-09-07T17:13:44+08:00 ][ info ] [ BEHAVIOR ] Run Closure @app_init [ RunTime:0.000000s ]
[ info ] [ LOG ] INIT File
[ 2018-09-07T17:13:44+08:00 ][ info ] [ CACHE ] INIT File
[ 2018-09-07T17:13:44+08:00 ][ info ] [ BEHAVIOR ] Run Closure @app_init [ RunTime:0.005001s ]
[ 2018-09-07T17:13:44+08:00 ][ info ] [ DB ] INIT mysql
[ 2018-09-07T17:13:44+08:00 ][ sql ] [ DB ] CONNECT:[ UseTime:0.020001s ] mysql:host=127.0.0.1;dbname=leqiubaobei;charset=utf8
[ 2018-09-07T17:13:44+08:00 ][ sql ] [ SQL ] SHOW TABLE STATUS LIKE 'tp_video_class' [ RunTime:0.004000s ]
[ 2018-09-07T17:14:31+08:00 ][ info ] [ BEHAVIOR ] Run Closure @app_init [ RunTime:0.000000s ]
[ info ] [ LOG ] INIT File
[ 2018-09-07T17:14:31+08:00 ][ info ] [ CACHE ] INIT File
[ 2018-09-07T17:14:31+08:00 ][ info ] [ BEHAVIOR ] Run Closure @app_init [ RunTime:0.004000s ]
[ 2018-09-07T17:14:48+08:00 ][ info ] [ BEHAVIOR ] Run Closure @app_init [ RunTime:0.000000s ]
[ info ] [ LOG ] INIT File
[ 2018-09-07T17:14:48+08:00 ][ info ] [ CACHE ] INIT File
[ 2018-09-07T17:14:48+08:00 ][ info ] [ BEHAVIOR ] Run Closure @app_init [ RunTime:0.006001s ]
[ 2018-09-07T17:14:48+08:00 ][ info ] [ DB ] INIT mysql
[ 2018-09-07T17:14:48+08:00 ][ sql ] [ DB ] CONNECT:[ UseTime:0.011001s ] mysql:host=127.0.0.1;dbname=leqiubaobei;charset=utf8
[ 2018-09-07T17:14:48+08:00 ][ sql ] [ SQL ] SHOW COLUMNS FROM `fa_auth_rule` [ RunTime:0.033002s ]
[ 2018-09-07T17:14:48+08:00 ][ sql ] [ SQL ] SELECT * FROM `fa_auth_rule` WHERE  (  `name` LIKE 'video/class%' ) [ RunTime:0.008001s ]
[ 2018-09-07T17:14:55+08:00 ][ sql ] [ SQL ] SELECT * FROM `fa_auth_rule` WHERE  `id` IN (86,88,90,89,87,91) [ RunTime:0.052003s ]
[ 2018-09-07T17:14:55+08:00 ][ sql ] [ SQL ] DELETE FROM `fa_auth_rule`    WHERE  `id` = 86 [ RunTime:0.312018s ]
[ 2018-09-07T17:14:55+08:00 ][ sql ] [ SQL ] DELETE FROM `fa_auth_rule`    WHERE  `id` = 87 [ RunTime:0.106006s ]
[ 2018-09-07T17:14:55+08:00 ][ sql ] [ SQL ] DELETE FROM `fa_auth_rule`    WHERE  `id` = 88 [ RunTime:0.046003s ]
[ 2018-09-07T17:14:55+08:00 ][ sql ] [ SQL ] DELETE FROM `fa_auth_rule`    WHERE  `id` = 89 [ RunTime:0.066004s ]
[ 2018-09-07T17:14:55+08:00 ][ sql ] [ SQL ] DELETE FROM `fa_auth_rule`    WHERE  `id` = 90 [ RunTime:0.048003s ]
[ 2018-09-07T17:14:55+08:00 ][ sql ] [ SQL ] DELETE FROM `fa_auth_rule`    WHERE  `id` = 91 [ RunTime:0.024001s ]
[ 2018-09-07T17:16:51+08:00 ][ info ] [ BEHAVIOR ] Run Closure @app_init [ RunTime:0.001000s ]
[ info ] [ LOG ] INIT File
[ 2018-09-07T17:16:51+08:00 ][ info ] [ CACHE ] INIT File
[ 2018-09-07T17:16:51+08:00 ][ info ] [ BEHAVIOR ] Run Closure @app_init [ RunTime:0.005000s ]
[ 2018-09-07T17:16:51+08:00 ][ info ] [ DB ] INIT mysql
[ 2018-09-07T17:16:51+08:00 ][ sql ] [ DB ] CONNECT:[ UseTime:0.010001s ] mysql:host=127.0.0.1;dbname=leqiubaobei;charset=utf8
[ 2018-09-07T17:16:51+08:00 ][ sql ] [ SQL ] SHOW TABLE STATUS LIKE 'tp_video_classes' [ RunTime:0.004000s ]
[ 2018-09-07T17:16:51+08:00 ][ sql ] [ SQL ] SELECT * FROM `information_schema`.`columns` WHERE TABLE_SCHEMA = 'leqiubaobei' AND table_name = 'tp_video_classes' ORDER BY ORDINAL_POSITION [ RunTime:0.002000s ]
[ 2018-09-07T17:17:18+08:00 ][ info ] [ BEHAVIOR ] Run Closure @app_init [ RunTime:0.001000s ]
[ info ] [ LOG ] INIT File
[ 2018-09-07T17:17:18+08:00 ][ info ] [ CACHE ] INIT File
[ 2018-09-07T17:17:18+08:00 ][ info ] [ BEHAVIOR ] Run Closure @app_init [ RunTime:0.005001s ]
[ 2018-09-07T17:17:18+08:00 ][ info ] [ DB ] INIT mysql
[ 2018-09-07T17:17:18+08:00 ][ info ] [ LANG ] E:\PHPTools\www\leqiubaobei\application\admin\lang/zh-cn.php
[ 2018-09-07T17:17:18+08:00 ][ sql ] [ DB ] CONNECT:[ UseTime:0.010001s ] mysql:host=127.0.0.1;dbname=leqiubaobei;charset=utf8
[ 2018-09-07T17:17:18+08:00 ][ sql ] [ SQL ] SHOW COLUMNS FROM `fa_auth_rule` [ RunTime:0.002000s ]
[ 2018-09-07T17:17:18+08:00 ][ sql ] [ SQL ] SELECT * FROM `fa_auth_rule` WHERE  `name` = 'video' LIMIT 1 [ RunTime:0.002000s ]
[ 2018-09-07T17:17:18+08:00 ][ sql ] [ SQL ] SELECT * FROM `fa_auth_rule` WHERE  `name` = 'video/classes' LIMIT 1 [ RunTime:0.001000s ]
[ 2018-09-07T17:17:18+08:00 ][ sql ] [ SQL ] INSERT INTO `fa_auth_rule` (`pid` , `name` , `title` , `icon` , `remark` , `ismenu` , `status` , `createtime` , `updatetime`) VALUES (85 , 'video/classes' , '班级管理' , 'fa fa-circle-o' , '' , 1 , 'normal' , 1536311838 , 1536311838) [ RunTime:0.041003s ]
[ 2018-09-07T17:17:18+08:00 ][ sql ] [ SQL ] SELECT `id` FROM `fa_auth_rule` WHERE  `name` = 'video/classes/index' LIMIT 1 [ RunTime:0.001000s ]
[ 2018-09-07T17:17:18+08:00 ][ sql ] [ SQL ] SELECT `id` FROM `fa_auth_rule` WHERE  `name` = 'video/classes/add' LIMIT 1 [ RunTime:0.001000s ]
[ 2018-09-07T17:17:18+08:00 ][ sql ] [ SQL ] SELECT `id` FROM `fa_auth_rule` WHERE  `name` = 'video/classes/edit' LIMIT 1 [ RunTime:0.001000s ]
[ 2018-09-07T17:17:18+08:00 ][ sql ] [ SQL ] SELECT `id` FROM `fa_auth_rule` WHERE  `name` = 'video/classes/del' LIMIT 1 [ RunTime:0.001000s ]
[ 2018-09-07T17:17:18+08:00 ][ sql ] [ SQL ] SELECT `id` FROM `fa_auth_rule` WHERE  `name` = 'video/classes/multi' LIMIT 1 [ RunTime:0.002001s ]
[ 2018-09-07T17:17:18+08:00 ][ sql ] [ SQL ] INSERT INTO `fa_auth_rule` (`id` , `pid` , `name` , `icon` , `title` , `ismenu` , `status` , `createtime` , `updatetime`) VALUES (NULL , 92 , 'video/classes/index' , 'fa fa-circle-o' , '查看' , 0 , 'normal' , 1536311838 , 1536311838) [ RunTime:0.001000s ]
[ 2018-09-07T17:17:18+08:00 ][ sql ] [ SQL ] INSERT INTO `fa_auth_rule` (`id` , `pid` , `name` , `icon` , `title` , `ismenu` , `status` , `createtime` , `updatetime`) VALUES (NULL , 92 , 'video/classes/add' , 'fa fa-circle-o' , '添加' , 0 , 'normal' , 1536311838 , 1536311838) [ RunTime:0.000000s ]
[ 2018-09-07T17:17:18+08:00 ][ sql ] [ SQL ] INSERT INTO `fa_auth_rule` (`id` , `pid` , `name` , `icon` , `title` , `ismenu` , `status` , `createtime` , `updatetime`) VALUES (NULL , 92 , 'video/classes/edit' , 'fa fa-circle-o' , '编辑' , 0 , 'normal' , 1536311838 , 1536311838) [ RunTime:0.000000s ]
[ 2018-09-07T17:17:18+08:00 ][ sql ] [ SQL ] INSERT INTO `fa_auth_rule` (`id` , `pid` , `name` , `icon` , `title` , `ismenu` , `status` , `createtime` , `updatetime`) VALUES (NULL , 92 , 'video/classes/del' , 'fa fa-circle-o' , '删除' , 0 , 'normal' , 1536311838 , 1536311838) [ RunTime:0.001000s ]
[ 2018-09-07T17:17:18+08:00 ][ sql ] [ SQL ] INSERT INTO `fa_auth_rule` (`id` , `pid` , `name` , `icon` , `title` , `ismenu` , `status` , `createtime` , `updatetime`) VALUES (NULL , 92 , 'video/classes/multi' , 'fa fa-circle-o' , '批量更新' , 0 , 'normal' , 1536311838 , 1536311838) [ RunTime:0.001000s ]
[ 2018-09-07T17:19:43+08:00 ][ info ] [ BEHAVIOR ] Run Closure @app_init [ RunTime:0.001000s ]
[ info ] [ LOG ] INIT File
[ 2018-09-07T17:19:43+08:00 ][ info ] [ CACHE ] INIT File
[ 2018-09-07T17:19:43+08:00 ][ info ] [ BEHAVIOR ] Run Closure @app_init [ RunTime:0.006001s ]
[ 2018-09-07T17:19:43+08:00 ][ info ] [ DB ] INIT mysql
[ 2018-09-07T17:19:43+08:00 ][ info ] [ LANG ] E:\PHPTools\www\leqiubaobei\application\admin\lang/zh-cn.php
[ 2018-09-07T17:19:43+08:00 ][ sql ] [ DB ] CONNECT:[ UseTime:0.010001s ] mysql:host=127.0.0.1;dbname=leqiubaobei;charset=utf8
[ 2018-09-07T17:19:43+08:00 ][ sql ] [ SQL ] SHOW COLUMNS FROM `fa_auth_rule` [ RunTime:0.001000s ]
[ 2018-09-07T17:19:43+08:00 ][ sql ] [ SQL ] SELECT * FROM `fa_auth_rule` WHERE  `name` = 'video' LIMIT 1 [ RunTime:0.002000s ]
[ 2018-09-07T17:19:43+08:00 ][ sql ] [ SQL ] SELECT * FROM `fa_auth_rule` WHERE  `name` = 'video/lesson' LIMIT 1 [ RunTime:0.001000s ]
[ 2018-09-07T17:19:43+08:00 ][ sql ] [ SQL ] INSERT INTO `fa_auth_rule` (`pid` , `name` , `title` , `icon` , `remark` , `ismenu` , `status` , `createtime` , `updatetime`) VALUES (85 , 'video/lesson' , '课程管理' , 'fa fa-circle-o' , '' , 1 , 'normal' , 1536311983 , 1536311983) [ RunTime:0.042003s ]
[ 2018-09-07T17:19:43+08:00 ][ sql ] [ SQL ] SELECT `id` FROM `fa_auth_rule` WHERE  `name` = 'video/lesson/index' LIMIT 1 [ RunTime:0.001000s ]
[ 2018-09-07T17:19:43+08:00 ][ sql ] [ SQL ] SELECT `id` FROM `fa_auth_rule` WHERE  `name` = 'video/lesson/add' LIMIT 1 [ RunTime:0.001000s ]
[ 2018-09-07T17:19:43+08:00 ][ sql ] [ SQL ] SELECT `id` FROM `fa_auth_rule` WHERE  `name` = 'video/lesson/edit' LIMIT 1 [ RunTime:0.001000s ]
[ 2018-09-07T17:19:43+08:00 ][ sql ] [ SQL ] SELECT `id` FROM `fa_auth_rule` WHERE  `name` = 'video/lesson/del' LIMIT 1 [ RunTime:0.000000s ]
[ 2018-09-07T17:19:43+08:00 ][ sql ] [ SQL ] SELECT `id` FROM `fa_auth_rule` WHERE  `name` = 'video/lesson/multi' LIMIT 1 [ RunTime:0.001000s ]
[ 2018-09-07T17:19:43+08:00 ][ sql ] [ SQL ] INSERT INTO `fa_auth_rule` (`id` , `pid` , `name` , `icon` , `title` , `ismenu` , `status` , `createtime` , `updatetime`) VALUES (NULL , 98 , 'video/lesson/index' , 'fa fa-circle-o' , '查看' , 0 , 'normal' , 1536311983 , 1536311983) [ RunTime:0.001000s ]
[ 2018-09-07T17:19:43+08:00 ][ sql ] [ SQL ] INSERT INTO `fa_auth_rule` (`id` , `pid` , `name` , `icon` , `title` , `ismenu` , `status` , `createtime` , `updatetime`) VALUES (NULL , 98 , 'video/lesson/add' , 'fa fa-circle-o' , '添加' , 0 , 'normal' , 1536311983 , 1536311983) [ RunTime:0.001000s ]
[ 2018-09-07T17:19:43+08:00 ][ sql ] [ SQL ] INSERT INTO `fa_auth_rule` (`id` , `pid` , `name` , `icon` , `title` , `ismenu` , `status` , `createtime` , `updatetime`) VALUES (NULL , 98 , 'video/lesson/edit' , 'fa fa-circle-o' , '编辑' , 0 , 'normal' , 1536311983 , 1536311983) [ RunTime:0.001000s ]
[ 2018-09-07T17:19:43+08:00 ][ sql ] [ SQL ] INSERT INTO `fa_auth_rule` (`id` , `pid` , `name` , `icon` , `title` , `ismenu` , `status` , `createtime` , `updatetime`) VALUES (NULL , 98 , 'video/lesson/del' , 'fa fa-circle-o' , '删除' , 0 , 'normal' , 1536311983 , 1536311983) [ RunTime:0.001000s ]
[ 2018-09-07T17:19:43+08:00 ][ sql ] [ SQL ] INSERT INTO `fa_auth_rule` (`id` , `pid` , `name` , `icon` , `title` , `ismenu` , `status` , `createtime` , `updatetime`) VALUES (NULL , 98 , 'video/lesson/multi' , 'fa fa-circle-o' , '批量更新' , 0 , 'normal' , 1536311983 , 1536311983) [ RunTime:0.000000s ]
[ 2018-09-07T17:20:01+08:00 ][ info ] [ BEHAVIOR ] Run Closure @app_init [ RunTime:0.000000s ]
[ info ] [ LOG ] INIT File
[ 2018-09-07T17:20:01+08:00 ][ info ] [ CACHE ] INIT File
[ 2018-09-07T17:20:01+08:00 ][ info ] [ BEHAVIOR ] Run Closure @app_init [ RunTime:0.007000s ]
[ 2018-09-07T17:20:01+08:00 ][ info ] [ DB ] INIT mysql
[ 2018-09-07T17:20:01+08:00 ][ info ] [ LANG ] E:\PHPTools\www\leqiubaobei\application\admin\lang/zh-cn.php
[ 2018-09-07T17:20:01+08:00 ][ sql ] [ DB ] CONNECT:[ UseTime:0.009000s ] mysql:host=127.0.0.1;dbname=leqiubaobei;charset=utf8
[ 2018-09-07T17:20:01+08:00 ][ sql ] [ SQL ] SHOW COLUMNS FROM `fa_auth_rule` [ RunTime:0.002000s ]
[ 2018-09-07T17:20:01+08:00 ][ sql ] [ SQL ] SELECT * FROM `fa_auth_rule` WHERE  `name` = 'video' LIMIT 1 [ RunTime:0.001000s ]
[ 2018-09-07T17:20:01+08:00 ][ sql ] [ SQL ] SELECT * FROM `fa_auth_rule` WHERE  `name` = 'video/episode' LIMIT 1 [ RunTime:0.001000s ]
[ 2018-09-07T17:20:01+08:00 ][ sql ] [ SQL ] INSERT INTO `fa_auth_rule` (`pid` , `name` , `title` , `icon` , `remark` , `ismenu` , `status` , `createtime` , `updatetime`) VALUES (85 , 'video/episode' , '集数管理' , 'fa fa-circle-o' , '' , 1 , 'normal' , 1536312001 , 1536312001) [ RunTime:0.230013s ]
[ 2018-09-07T17:20:01+08:00 ][ sql ] [ SQL ] SELECT `id` FROM `fa_auth_rule` WHERE  `name` = 'video/episode/index' LIMIT 1 [ RunTime:0.001000s ]
[ 2018-09-07T17:20:01+08:00 ][ sql ] [ SQL ] SELECT `id` FROM `fa_auth_rule` WHERE  `name` = 'video/episode/add' LIMIT 1 [ RunTime:0.002000s ]
[ 2018-09-07T17:20:01+08:00 ][ sql ] [ SQL ] SELECT `id` FROM `fa_auth_rule` WHERE  `name` = 'video/episode/edit' LIMIT 1 [ RunTime:0.002000s ]
[ 2018-09-07T17:20:01+08:00 ][ sql ] [ SQL ] SELECT `id` FROM `fa_auth_rule` WHERE  `name` = 'video/episode/del' LIMIT 1 [ RunTime:0.002000s ]
[ 2018-09-07T17:20:01+08:00 ][ sql ] [ SQL ] SELECT `id` FROM `fa_auth_rule` WHERE  `name` = 'video/episode/multi' LIMIT 1 [ RunTime:0.001000s ]
[ 2018-09-07T17:20:01+08:00 ][ sql ] [ SQL ] INSERT INTO `fa_auth_rule` (`id` , `pid` , `name` , `icon` , `title` , `ismenu` , `status` , `createtime` , `updatetime`) VALUES (NULL , 104 , 'video/episode/index' , 'fa fa-circle-o' , '查看' , 0 , 'normal' , 1536312001 , 1536312001) [ RunTime:0.001000s ]
[ 2018-09-07T17:20:01+08:00 ][ sql ] [ SQL ] INSERT INTO `fa_auth_rule` (`id` , `pid` , `name` , `icon` , `title` , `ismenu` , `status` , `createtime` , `updatetime`) VALUES (NULL , 104 , 'video/episode/add' , 'fa fa-circle-o' , '添加' , 0 , 'normal' , 1536312001 , 1536312001) [ RunTime:0.001000s ]
[ 2018-09-07T17:20:01+08:00 ][ sql ] [ SQL ] INSERT INTO `fa_auth_rule` (`id` , `pid` , `name` , `icon` , `title` , `ismenu` , `status` , `createtime` , `updatetime`) VALUES (NULL , 104 , 'video/episode/edit' , 'fa fa-circle-o' , '编辑' , 0 , 'normal' , 1536312001 , 1536312001) [ RunTime:0.001000s ]
[ 2018-09-07T17:20:01+08:00 ][ sql ] [ SQL ] INSERT INTO `fa_auth_rule` (`id` , `pid` , `name` , `icon` , `title` , `ismenu` , `status` , `createtime` , `updatetime`) VALUES (NULL , 104 , 'video/episode/del' , 'fa fa-circle-o' , '删除' , 0 , 'normal' , 1536312001 , 1536312001) [ RunTime:0.001000s ]
[ 2018-09-07T17:20:01+08:00 ][ sql ] [ SQL ] INSERT INTO `fa_auth_rule` (`id` , `pid` , `name` , `icon` , `title` , `ismenu` , `status` , `createtime` , `updatetime`) VALUES (NULL , 104 , 'video/episode/multi' , 'fa fa-circle-o' , '批量更新' , 0 , 'normal' , 1536312001 , 1536312001) [ RunTime:0.001000s ]
[ 2018-09-07T17:44:04+08:00 ][ info ] [ BEHAVIOR ] Run Closure @app_init [ RunTime:0.001000s ]
[ info ] [ LOG ] INIT File
[ 2018-09-07T17:44:04+08:00 ][ info ] [ CACHE ] INIT File
[ 2018-09-07T17:44:04+08:00 ][ info ] [ BEHAVIOR ] Run Closure @app_init [ RunTime:0.007000s ]
[ 2018-09-07T17:44:05+08:00 ][ info ] [ DB ] INIT mysql
[ 2018-09-07T17:44:05+08:00 ][ sql ] [ DB ] CONNECT:[ UseTime:0.009001s ] mysql:host=127.0.0.1;dbname=leqiubaobei;charset=utf8
[ 2018-09-07T17:44:05+08:00 ][ sql ] [ SQL ] SHOW TABLE STATUS LIKE 'tp_video_classes' [ RunTime:0.011001s ]
[ 2018-09-07T17:44:05+08:00 ][ sql ] [ SQL ] SELECT * FROM `information_schema`.`columns` WHERE TABLE_SCHEMA = 'leqiubaobei' AND table_name = 'tp_video_classes' ORDER BY ORDINAL_POSITION [ RunTime:0.001000s ]
[ 2018-09-07T17:44:49+08:00 ][ info ] [ BEHAVIOR ] Run Closure @app_init [ RunTime:0.001000s ]
[ info ] [ LOG ] INIT File
[ 2018-09-07T17:44:49+08:00 ][ info ] [ CACHE ] INIT File
[ 2018-09-07T17:44:49+08:00 ][ info ] [ BEHAVIOR ] Run Closure @app_init [ RunTime:0.007000s ]
[ 2018-09-07T17:44:49+08:00 ][ info ] [ DB ] INIT mysql
[ 2018-09-07T17:44:49+08:00 ][ sql ] [ DB ] CONNECT:[ UseTime:0.010000s ] mysql:host=127.0.0.1;dbname=leqiubaobei;charset=utf8
[ 2018-09-07T17:44:49+08:00 ][ sql ] [ SQL ] SHOW TABLE STATUS LIKE 'tp_video_lesson' [ RunTime:0.004000s ]
[ 2018-09-07T17:44:49+08:00 ][ sql ] [ SQL ] SELECT * FROM `information_schema`.`columns` WHERE TABLE_SCHEMA = 'leqiubaobei' AND table_name = 'tp_video_lesson' ORDER BY ORDINAL_POSITION [ RunTime:0.002000s ]
[ 2018-09-07T17:46:33+08:00 ][ info ] [ BEHAVIOR ] Run Closure @app_init [ RunTime:0.000000s ]
[ info ] [ LOG ] INIT File
[ 2018-09-07T17:46:33+08:00 ][ info ] [ CACHE ] INIT File
[ 2018-09-07T17:46:33+08:00 ][ info ] [ BEHAVIOR ] Run Closure @app_init [ RunTime:0.007000s ]
[ 2018-09-07T17:46:33+08:00 ][ info ] [ DB ] INIT mysql
[ 2018-09-07T17:46:33+08:00 ][ sql ] [ DB ] CONNECT:[ UseTime:0.009001s ] mysql:host=127.0.0.1;dbname=leqiubaobei;charset=utf8
[ 2018-09-07T17:46:33+08:00 ][ sql ] [ SQL ] SHOW TABLE STATUS LIKE 'tp_video_lesson' [ RunTime:0.003000s ]
[ 2018-09-07T17:46:33+08:00 ][ sql ] [ SQL ] SELECT * FROM `information_schema`.`columns` WHERE TABLE_SCHEMA = 'leqiubaobei' AND table_name = 'tp_video_lesson' ORDER BY ORDINAL_POSITION [ RunTime:0.002000s ]
[ 2018-09-07T17:46:39+08:00 ][ info ] [ BEHAVIOR ] Run Closure @app_init [ RunTime:0.000000s ]
[ info ] [ LOG ] INIT File
[ 2018-09-07T17:46:39+08:00 ][ info ] [ CACHE ] INIT File
[ 2018-09-07T17:46:39+08:00 ][ info ] [ BEHAVIOR ] Run Closure @app_init [ RunTime:0.006000s ]
[ 2018-09-07T17:46:39+08:00 ][ info ] [ DB ] INIT mysql
[ 2018-09-07T17:46:39+08:00 ][ sql ] [ DB ] CONNECT:[ UseTime:0.011001s ] mysql:host=127.0.0.1;dbname=leqiubaobei;charset=utf8
[ 2018-09-07T17:46:39+08:00 ][ sql ] [ SQL ] SHOW TABLE STATUS LIKE 'tp_video_classes' [ RunTime:0.004000s ]
[ 2018-09-07T17:46:39+08:00 ][ sql ] [ SQL ] SELECT * FROM `information_schema`.`columns` WHERE TABLE_SCHEMA = 'leqiubaobei' AND table_name = 'tp_video_classes' ORDER BY ORDINAL_POSITION [ RunTime:0.002000s ]
[ 2018-09-07T18:03:13+08:00 ][ info ] [ BEHAVIOR ] Run Closure @app_init [ RunTime:0.000000s ]
[ info ] [ LOG ] INIT File
[ 2018-09-07T18:03:13+08:00 ][ info ] [ CACHE ] INIT File
[ 2018-09-07T18:03:13+08:00 ][ info ] [ BEHAVIOR ] Run Closure @app_init [ RunTime:0.005001s ]
[ 2018-09-07T18:03:13+08:00 ][ info ] [ DB ] INIT mysql
[ 2018-09-07T18:03:13+08:00 ][ sql ] [ DB ] CONNECT:[ UseTime:0.010000s ] mysql:host=127.0.0.1;dbname=leqiubaobei;charset=utf8
[ 2018-09-07T18:03:13+08:00 ][ sql ] [ SQL ] SHOW TABLE STATUS LIKE 'tp_video_lesson' [ RunTime:0.036002s ]
[ 2018-09-07T18:03:13+08:00 ][ sql ] [ SQL ] SELECT * FROM `information_schema`.`columns` WHERE TABLE_SCHEMA = 'leqiubaobei' AND table_name = 'tp_video_lesson' ORDER BY ORDINAL_POSITION [ RunTime:0.003000s ]
[ 2018-09-07T18:04:55+08:00 ][ info ] [ BEHAVIOR ] Run Closure @app_init [ RunTime:0.001000s ]
[ info ] [ LOG ] INIT File
[ 2018-09-07T18:04:55+08:00 ][ info ] [ CACHE ] INIT File
[ 2018-09-07T18:04:55+08:00 ][ info ] [ BEHAVIOR ] Run Closure @app_init [ RunTime:0.007001s ]
[ 2018-09-07T18:04:55+08:00 ][ info ] [ DB ] INIT mysql
[ 2018-09-07T18:04:55+08:00 ][ sql ] [ DB ] CONNECT:[ UseTime:0.012001s ] mysql:host=127.0.0.1;dbname=leqiubaobei;charset=utf8
[ 2018-09-07T18:04:55+08:00 ][ sql ] [ SQL ] SHOW TABLE STATUS LIKE 'tp_video_lesson' [ RunTime:0.003000s ]
[ 2018-09-07T18:04:55+08:00 ][ sql ] [ SQL ] SELECT * FROM `information_schema`.`columns` WHERE TABLE_SCHEMA = 'leqiubaobei' AND table_name = 'tp_video_lesson' ORDER BY ORDINAL_POSITION [ RunTime:0.003000s ]
[ 2018-09-07T18:05:15+08:00 ][ info ] [ BEHAVIOR ] Run Closure @app_init [ RunTime:0.001000s ]
[ info ] [ LOG ] INIT File
[ 2018-09-07T18:05:15+08:00 ][ info ] [ CACHE ] INIT File
[ 2018-09-07T18:05:15+08:00 ][ info ] [ BEHAVIOR ] Run Closure @app_init [ RunTime:0.007001s ]
[ 2018-09-07T18:05:15+08:00 ][ info ] [ DB ] INIT mysql
[ 2018-09-07T18:05:15+08:00 ][ sql ] [ DB ] CONNECT:[ UseTime:0.010000s ] mysql:host=127.0.0.1;dbname=leqiubaobei;charset=utf8
[ 2018-09-07T18:05:15+08:00 ][ sql ] [ SQL ] SHOW TABLE STATUS LIKE 'tp_video_lesson' [ RunTime:0.003000s ]
[ 2018-09-07T18:05:15+08:00 ][ sql ] [ SQL ] SELECT * FROM `information_schema`.`columns` WHERE TABLE_SCHEMA = 'leqiubaobei' AND table_name = 'tp_video_lesson' ORDER BY ORDINAL_POSITION [ RunTime:0.002000s ]
[ 2018-09-07T21:21:15+08:00 ][ info ] [ BEHAVIOR ] Run Closure @app_init [ RunTime:0.001000s ]
[ info ] [ LOG ] INIT File
[ 2018-09-07T21:21:15+08:00 ][ info ] [ CACHE ] INIT File
[ 2018-09-07T21:21:15+08:00 ][ info ] [ BEHAVIOR ] Run Closure @app_init [ RunTime:0.005000s ]
[ 2018-09-07T21:21:15+08:00 ][ info ] [ DB ] INIT mysql
[ 2018-09-07T21:21:15+08:00 ][ sql ] [ DB ] CONNECT:[ UseTime:0.011001s ] mysql:host=127.0.0.1;dbname=leqiubaobei;charset=utf8
[ 2018-09-07T21:21:15+08:00 ][ sql ] [ SQL ] SHOW TABLE STATUS LIKE 'tp_video_episode' [ RunTime:0.051003s ]
[ 2018-09-07T21:21:15+08:00 ][ sql ] [ SQL ] SELECT * FROM `information_schema`.`columns` WHERE TABLE_SCHEMA = 'leqiubaobei' AND table_name = 'tp_video_episode' ORDER BY ORDINAL_POSITION [ RunTime:0.003000s ]
[ 2018-09-07T21:27:44+08:00 ][ info ] [ BEHAVIOR ] Run Closure @app_init [ RunTime:0.001000s ]
[ info ] [ LOG ] INIT File
[ 2018-09-07T21:27:44+08:00 ][ info ] [ CACHE ] INIT File
[ 2018-09-07T21:27:44+08:00 ][ info ] [ BEHAVIOR ] Run Closure @app_init [ RunTime:0.008000s ]
[ 2018-09-07T21:27:44+08:00 ][ info ] [ DB ] INIT mysql
[ 2018-09-07T21:27:44+08:00 ][ sql ] [ DB ] CONNECT:[ UseTime:0.010000s ] mysql:host=127.0.0.1;dbname=leqiubaobei;charset=utf8
[ 2018-09-07T21:27:44+08:00 ][ sql ] [ SQL ] SHOW TABLE STATUS LIKE 'tp_video_episode' [ RunTime:0.035002s ]
[ 2018-09-07T21:27:44+08:00 ][ sql ] [ SQL ] SELECT * FROM `information_schema`.`columns` WHERE TABLE_SCHEMA = 'leqiubaobei' AND table_name = 'tp_video_episode' ORDER BY ORDINAL_POSITION [ RunTime:0.002000s ]
[ 2018-09-07T21:28:11+08:00 ][ info ] [ BEHAVIOR ] Run Closure @app_init [ RunTime:0.001001s ]
[ info ] [ LOG ] INIT File
[ 2018-09-07T21:28:11+08:00 ][ info ] [ CACHE ] INIT File
[ 2018-09-07T21:28:11+08:00 ][ info ] [ BEHAVIOR ] Run Closure @app_init [ RunTime:0.006000s ]
[ 2018-09-07T21:28:11+08:00 ][ info ] [ DB ] INIT mysql
[ 2018-09-07T21:28:11+08:00 ][ sql ] [ DB ] CONNECT:[ UseTime:0.013000s ] mysql:host=127.0.0.1;dbname=leqiubaobei;charset=utf8
[ 2018-09-07T21:28:11+08:00 ][ sql ] [ SQL ] SHOW TABLE STATUS LIKE 'tp_video_episode' [ RunTime:0.005001s ]
[ 2018-09-07T21:28:11+08:00 ][ sql ] [ SQL ] SELECT * FROM `information_schema`.`columns` WHERE TABLE_SCHEMA = 'leqiubaobei' AND table_name = 'tp_video_episode' ORDER BY ORDINAL_POSITION [ RunTime:0.002000s ]
[ 2018-09-07T21:29:22+08:00 ][ info ] [ BEHAVIOR ] Run Closure @app_init [ RunTime:0.000000s ]
[ info ] [ LOG ] INIT File
[ 2018-09-07T21:29:22+08:00 ][ info ] [ CACHE ] INIT File
[ 2018-09-07T21:29:22+08:00 ][ info ] [ BEHAVIOR ] Run Closure @app_init [ RunTime:0.007000s ]
[ 2018-09-07T21:29:22+08:00 ][ info ] [ DB ] INIT mysql
[ 2018-09-07T21:29:22+08:00 ][ sql ] [ DB ] CONNECT:[ UseTime:0.011000s ] mysql:host=127.0.0.1;dbname=leqiubaobei;charset=utf8
[ 2018-09-07T21:29:22+08:00 ][ sql ] [ SQL ] SHOW TABLE STATUS LIKE 'tp_video_episode' [ RunTime:0.003001s ]
[ 2018-09-07T21:29:22+08:00 ][ sql ] [ SQL ] SELECT * FROM `information_schema`.`columns` WHERE TABLE_SCHEMA = 'leqiubaobei' AND table_name = 'tp_video_episode' ORDER BY ORDINAL_POSITION [ RunTime:0.002000s ]
