[ 2018-09-10T10:17:35+08:00 ][ info ] [ BEHAVIOR ] Run Closure @app_init [ RunTime:0.018001s ]
[ info ] [ LOG ] INIT File
[ 2018-09-10T10:17:35+08:00 ][ info ] [ CACHE ] INIT File
[ 2018-09-10T10:17:35+08:00 ][ info ] [ BEHAVIOR ] Run Closure @app_init [ RunTime:0.010000s ]
[ 2018-09-10T10:23:41+08:00 ][ info ] [ BEHAVIOR ] Run Closure @app_init [ RunTime:0.000000s ]
[ info ] [ LOG ] INIT File
[ 2018-09-10T10:23:41+08:00 ][ info ] [ CACHE ] INIT File
[ 2018-09-10T10:23:41+08:00 ][ info ] [ BEHAVIOR ] Run Closure @app_init [ RunTime:0.006001s ]
[ 2018-09-10T10:23:41+08:00 ][ info ] [ DB ] INIT mysql
[ 2018-09-10T10:23:41+08:00 ][ sql ] [ DB ] CONNECT:[ UseTime:0.011001s ] mysql:host=127.0.0.1;dbname=leqiubaobei;charset=utf8
[ 2018-09-10T10:23:41+08:00 ][ sql ] [ SQL ] SHOW TABLE STATUS LIKE 'tp_video_singledance' [ RunTime:0.038002s ]
[ 2018-09-10T10:23:41+08:00 ][ sql ] [ SQL ] SELECT * FROM `information_schema`.`columns` WHERE TABLE_SCHEMA = 'leqiubaobei' AND table_name = 'tp_video_singledance' ORDER BY ORDINAL_POSITION [ RunTime:0.030002s ]
[ 2018-09-10T10:24:52+08:00 ][ info ] [ BEHAVIOR ] Run Closure @app_init [ RunTime:0.001000s ]
[ info ] [ LOG ] INIT File
[ 2018-09-10T10:24:52+08:00 ][ info ] [ CACHE ] INIT File
[ 2018-09-10T10:24:52+08:00 ][ info ] [ BEHAVIOR ] Run Closure @app_init [ RunTime:0.005001s ]
[ 2018-09-10T10:24:52+08:00 ][ info ] [ DB ] INIT mysql
[ 2018-09-10T10:25:06+08:00 ][ info ] [ BEHAVIOR ] Run Closure @app_init [ RunTime:0.000000s ]
[ info ] [ LOG ] INIT File
[ 2018-09-10T10:25:06+08:00 ][ info ] [ CACHE ] INIT File
[ 2018-09-10T10:25:06+08:00 ][ info ] [ BEHAVIOR ] Run Closure @app_init [ RunTime:0.007000s ]
[ 2018-09-10T10:25:07+08:00 ][ info ] [ DB ] INIT mysql
[ 2018-09-10T10:25:07+08:00 ][ info ] [ LANG ] E:\PHPTools\www\leqiubaobei\application\admin\lang/zh-cn.php
[ 2018-09-10T10:25:07+08:00 ][ sql ] [ DB ] CONNECT:[ UseTime:0.013000s ] mysql:host=127.0.0.1;dbname=leqiubaobei;charset=utf8
[ 2018-09-10T10:25:07+08:00 ][ sql ] [ SQL ] SHOW COLUMNS FROM `fa_auth_rule` [ RunTime:0.046003s ]
[ 2018-09-10T10:25:07+08:00 ][ sql ] [ SQL ] SELECT * FROM `fa_auth_rule` WHERE  `name` = 'video' LIMIT 1 [ RunTime:0.021001s ]
[ 2018-09-10T10:25:07+08:00 ][ sql ] [ SQL ] SELECT * FROM `fa_auth_rule` WHERE  `name` = 'video/singledangce' LIMIT 1 [ RunTime:0.003000s ]
[ 2018-09-10T10:25:07+08:00 ][ sql ] [ SQL ] INSERT INTO `fa_auth_rule` (`pid` , `name` , `title` , `icon` , `remark` , `ismenu` , `status` , `createtime` , `updatetime`) VALUES (85 , 'video/singledangce' , 'Singledangce' , 'fa fa-circle-o' , '' , 1 , 'normal' , 1536546307 , 1536546307) [ RunTime:0.093005s ]
[ 2018-09-10T10:25:07+08:00 ][ sql ] [ SQL ] SELECT `id` FROM `fa_auth_rule` WHERE  `name` = 'video/singledangce/index' LIMIT 1 [ RunTime:0.001000s ]
[ 2018-09-10T10:25:07+08:00 ][ sql ] [ SQL ] SELECT `id` FROM `fa_auth_rule` WHERE  `name` = 'video/singledangce/add' LIMIT 1 [ RunTime:0.001000s ]
[ 2018-09-10T10:25:07+08:00 ][ sql ] [ SQL ] SELECT `id` FROM `fa_auth_rule` WHERE  `name` = 'video/singledangce/edit' LIMIT 1 [ RunTime:0.001000s ]
[ 2018-09-10T10:25:07+08:00 ][ sql ] [ SQL ] SELECT `id` FROM `fa_auth_rule` WHERE  `name` = 'video/singledangce/del' LIMIT 1 [ RunTime:0.002000s ]
[ 2018-09-10T10:25:07+08:00 ][ sql ] [ SQL ] SELECT `id` FROM `fa_auth_rule` WHERE  `name` = 'video/singledangce/multi' LIMIT 1 [ RunTime:0.001000s ]
[ 2018-09-10T10:25:07+08:00 ][ sql ] [ SQL ] INSERT INTO `fa_auth_rule` (`id` , `pid` , `name` , `icon` , `title` , `ismenu` , `status` , `createtime` , `updatetime`) VALUES (NULL , 110 , 'video/singledangce/index' , 'fa fa-circle-o' , '查看' , 0 , 'normal' , 1536546307 , 1536546307) [ RunTime:0.026001s ]
[ 2018-09-10T10:25:07+08:00 ][ sql ] [ SQL ] INSERT INTO `fa_auth_rule` (`id` , `pid` , `name` , `icon` , `title` , `ismenu` , `status` , `createtime` , `updatetime`) VALUES (NULL , 110 , 'video/singledangce/add' , 'fa fa-circle-o' , '添加' , 0 , 'normal' , 1536546307 , 1536546307) [ RunTime:0.001000s ]
[ 2018-09-10T10:25:07+08:00 ][ sql ] [ SQL ] INSERT INTO `fa_auth_rule` (`id` , `pid` , `name` , `icon` , `title` , `ismenu` , `status` , `createtime` , `updatetime`) VALUES (NULL , 110 , 'video/singledangce/edit' , 'fa fa-circle-o' , '编辑' , 0 , 'normal' , 1536546307 , 1536546307) [ RunTime:0.001001s ]
[ 2018-09-10T10:25:07+08:00 ][ sql ] [ SQL ] INSERT INTO `fa_auth_rule` (`id` , `pid` , `name` , `icon` , `title` , `ismenu` , `status` , `createtime` , `updatetime`) VALUES (NULL , 110 , 'video/singledangce/del' , 'fa fa-circle-o' , '删除' , 0 , 'normal' , 1536546307 , 1536546307) [ RunTime:0.019001s ]
[ 2018-09-10T10:25:07+08:00 ][ sql ] [ SQL ] INSERT INTO `fa_auth_rule` (`id` , `pid` , `name` , `icon` , `title` , `ismenu` , `status` , `createtime` , `updatetime`) VALUES (NULL , 110 , 'video/singledangce/multi' , 'fa fa-circle-o' , '批量更新' , 0 , 'normal' , 1536546307 , 1536546307) [ RunTime:0.000000s ]
[ 2018-09-10T10:28:02+08:00 ][ info ] [ BEHAVIOR ] Run Closure @app_init [ RunTime:0.000000s ]
[ info ] [ LOG ] INIT File
[ 2018-09-10T10:28:02+08:00 ][ info ] [ CACHE ] INIT File
[ 2018-09-10T10:28:02+08:00 ][ info ] [ BEHAVIOR ] Run Closure @app_init [ RunTime:0.007000s ]
[ 2018-09-10T10:28:02+08:00 ][ info ] [ DB ] INIT mysql
[ 2018-09-10T10:28:02+08:00 ][ info ] [ LANG ] E:\PHPTools\www\leqiubaobei\application\admin\lang/zh-cn.php
[ 2018-09-10T10:28:02+08:00 ][ sql ] [ DB ] CONNECT:[ UseTime:0.010001s ] mysql:host=127.0.0.1;dbname=leqiubaobei;charset=utf8
[ 2018-09-10T10:28:02+08:00 ][ sql ] [ SQL ] SHOW COLUMNS FROM `fa_auth_rule` [ RunTime:0.034002s ]
[ 2018-09-10T10:28:02+08:00 ][ sql ] [ SQL ] SELECT * FROM `fa_auth_rule` WHERE  `name` = 'video' LIMIT 1 [ RunTime:0.012001s ]
[ 2018-09-10T10:28:02+08:00 ][ sql ] [ SQL ] SELECT * FROM `fa_auth_rule` WHERE  `name` = 'video/singledangce' LIMIT 1 [ RunTime:0.001000s ]
[ 2018-09-10T10:28:02+08:00 ][ sql ] [ SQL ] SELECT `id` FROM `fa_auth_rule` WHERE  `name` = 'video/singledangce/index' LIMIT 1 [ RunTime:0.001000s ]
[ 2018-09-10T10:28:03+08:00 ][ sql ] [ SQL ] SELECT `id` FROM `fa_auth_rule` WHERE  `name` = 'video/singledangce/add' LIMIT 1 [ RunTime:0.013001s ]
[ 2018-09-10T10:28:03+08:00 ][ sql ] [ SQL ] SELECT `id` FROM `fa_auth_rule` WHERE  `name` = 'video/singledangce/edit' LIMIT 1 [ RunTime:0.001000s ]
[ 2018-09-10T10:28:03+08:00 ][ sql ] [ SQL ] SELECT `id` FROM `fa_auth_rule` WHERE  `name` = 'video/singledangce/del' LIMIT 1 [ RunTime:0.000000s ]
[ 2018-09-10T10:28:03+08:00 ][ sql ] [ SQL ] SELECT `id` FROM `fa_auth_rule` WHERE  `name` = 'video/singledangce/multi' LIMIT 1 [ RunTime:0.001000s ]
[ 2018-09-10T10:28:03+08:00 ][ sql ] [ SQL ] UPDATE `fa_auth_rule`  SET `pid`=110,`name`='video/singledangce/index',`icon`='fa fa-circle-o',`title`='查看',`ismenu`=0,`status`='normal',`updatetime`=1536546483  WHERE  `id` = 111 [ RunTime:0.075004s ]
[ 2018-09-10T10:28:03+08:00 ][ sql ] [ SQL ] UPDATE `fa_auth_rule`  SET `pid`=110,`name`='video/singledangce/add',`icon`='fa fa-circle-o',`title`='添加',`ismenu`=0,`status`='normal',`updatetime`=1536546483  WHERE  `id` = 112 [ RunTime:0.001000s ]
[ 2018-09-10T10:28:03+08:00 ][ sql ] [ SQL ] UPDATE `fa_auth_rule`  SET `pid`=110,`name`='video/singledangce/edit',`icon`='fa fa-circle-o',`title`='编辑',`ismenu`=0,`status`='normal',`updatetime`=1536546483  WHERE  `id` = 113 [ RunTime:0.001000s ]
[ 2018-09-10T10:28:03+08:00 ][ sql ] [ SQL ] UPDATE `fa_auth_rule`  SET `pid`=110,`name`='video/singledangce/del',`icon`='fa fa-circle-o',`title`='删除',`ismenu`=0,`status`='normal',`updatetime`=1536546483  WHERE  `id` = 114 [ RunTime:0.001000s ]
[ 2018-09-10T10:28:03+08:00 ][ sql ] [ SQL ] UPDATE `fa_auth_rule`  SET `pid`=110,`name`='video/singledangce/multi',`icon`='fa fa-circle-o',`title`='批量更新',`ismenu`=0,`status`='normal',`updatetime`=1536546483  WHERE  `id` = 115 [ RunTime:0.000000s ]
[ 2018-09-10T10:28:34+08:00 ][ info ] [ BEHAVIOR ] Run Closure @app_init [ RunTime:0.000000s ]
[ info ] [ LOG ] INIT File
[ 2018-09-10T10:28:34+08:00 ][ info ] [ CACHE ] INIT File
[ 2018-09-10T10:28:34+08:00 ][ info ] [ BEHAVIOR ] Run Closure @app_init [ RunTime:0.006000s ]
[ 2018-09-10T10:28:34+08:00 ][ info ] [ DB ] INIT mysql
[ 2018-09-10T10:28:34+08:00 ][ sql ] [ DB ] CONNECT:[ UseTime:0.010000s ] mysql:host=127.0.0.1;dbname=leqiubaobei;charset=utf8
[ 2018-09-10T10:28:34+08:00 ][ sql ] [ SQL ] SHOW TABLE STATUS LIKE 'tp_video_singledance' [ RunTime:0.003000s ]
[ 2018-09-10T10:28:34+08:00 ][ sql ] [ SQL ] SELECT * FROM `information_schema`.`columns` WHERE TABLE_SCHEMA = 'leqiubaobei' AND table_name = 'tp_video_singledance' ORDER BY ORDINAL_POSITION [ RunTime:0.001000s ]
[ 2018-09-10T10:28:40+08:00 ][ info ] [ BEHAVIOR ] Run Closure @app_init [ RunTime:0.000000s ]
[ info ] [ LOG ] INIT File
[ 2018-09-10T10:28:40+08:00 ][ info ] [ CACHE ] INIT File
[ 2018-09-10T10:28:40+08:00 ][ info ] [ BEHAVIOR ] Run Closure @app_init [ RunTime:0.005000s ]
[ 2018-09-10T10:28:40+08:00 ][ info ] [ DB ] INIT mysql
[ 2018-09-10T10:28:40+08:00 ][ info ] [ LANG ] E:\PHPTools\www\leqiubaobei\application\admin\lang/zh-cn.php
[ 2018-09-10T10:28:40+08:00 ][ sql ] [ DB ] CONNECT:[ UseTime:0.009000s ] mysql:host=127.0.0.1;dbname=leqiubaobei;charset=utf8
[ 2018-09-10T10:28:40+08:00 ][ sql ] [ SQL ] SHOW COLUMNS FROM `fa_auth_rule` [ RunTime:0.002000s ]
[ 2018-09-10T10:28:40+08:00 ][ sql ] [ SQL ] SELECT * FROM `fa_auth_rule` WHERE  `name` = 'video' LIMIT 1 [ RunTime:0.001000s ]
[ 2018-09-10T10:28:40+08:00 ][ sql ] [ SQL ] SELECT * FROM `fa_auth_rule` WHERE  `name` = 'video/singledangce' LIMIT 1 [ RunTime:0.001000s ]
[ 2018-09-10T10:28:40+08:00 ][ sql ] [ SQL ] SELECT `id` FROM `fa_auth_rule` WHERE  `name` = 'video/singledangce/index' LIMIT 1 [ RunTime:0.001000s ]
[ 2018-09-10T10:28:40+08:00 ][ sql ] [ SQL ] SELECT `id` FROM `fa_auth_rule` WHERE  `name` = 'video/singledangce/add' LIMIT 1 [ RunTime:0.000000s ]
[ 2018-09-10T10:28:40+08:00 ][ sql ] [ SQL ] SELECT `id` FROM `fa_auth_rule` WHERE  `name` = 'video/singledangce/edit' LIMIT 1 [ RunTime:0.000000s ]
[ 2018-09-10T10:28:40+08:00 ][ sql ] [ SQL ] SELECT `id` FROM `fa_auth_rule` WHERE  `name` = 'video/singledangce/del' LIMIT 1 [ RunTime:0.000000s ]
[ 2018-09-10T10:28:40+08:00 ][ sql ] [ SQL ] SELECT `id` FROM `fa_auth_rule` WHERE  `name` = 'video/singledangce/multi' LIMIT 1 [ RunTime:0.000000s ]
[ 2018-09-10T10:28:40+08:00 ][ sql ] [ SQL ] UPDATE `fa_auth_rule`  SET `pid`=110,`name`='video/singledangce/index',`icon`='fa fa-circle-o',`title`='查看',`ismenu`=0,`status`='normal',`updatetime`=1536546520  WHERE  `id` = 111 [ RunTime:0.033002s ]
[ 2018-09-10T10:28:40+08:00 ][ sql ] [ SQL ] UPDATE `fa_auth_rule`  SET `pid`=110,`name`='video/singledangce/add',`icon`='fa fa-circle-o',`title`='添加',`ismenu`=0,`status`='normal',`updatetime`=1536546520  WHERE  `id` = 112 [ RunTime:0.001000s ]
[ 2018-09-10T10:28:40+08:00 ][ sql ] [ SQL ] UPDATE `fa_auth_rule`  SET `pid`=110,`name`='video/singledangce/edit',`icon`='fa fa-circle-o',`title`='编辑',`ismenu`=0,`status`='normal',`updatetime`=1536546520  WHERE  `id` = 113 [ RunTime:0.001000s ]
[ 2018-09-10T10:28:40+08:00 ][ sql ] [ SQL ] UPDATE `fa_auth_rule`  SET `pid`=110,`name`='video/singledangce/del',`icon`='fa fa-circle-o',`title`='删除',`ismenu`=0,`status`='normal',`updatetime`=1536546520  WHERE  `id` = 114 [ RunTime:0.001000s ]
[ 2018-09-10T10:28:40+08:00 ][ sql ] [ SQL ] UPDATE `fa_auth_rule`  SET `pid`=110,`name`='video/singledangce/multi',`icon`='fa fa-circle-o',`title`='批量更新',`ismenu`=0,`status`='normal',`updatetime`=1536546520  WHERE  `id` = 115 [ RunTime:0.001000s ]
