[ 2018-09-11T09:38:20+08:00 ][ info ] [ BEHAVIOR ] Run Closure @app_init [ RunTime:0.000000s ]
[ info ] [ LOG ] INIT File
[ 2018-09-11T09:38:20+08:00 ][ info ] [ CACHE ] INIT File
[ 2018-09-11T09:38:20+08:00 ][ info ] [ BEHAVIOR ] Run Closure @app_init [ RunTime:0.007000s ]
[ 2018-09-11T09:38:20+08:00 ][ info ] [ DB ] INIT mysql
[ 2018-09-11T09:38:20+08:00 ][ sql ] [ DB ] CONNECT:[ UseTime:0.027002s ] mysql:host=127.0.0.1;dbname=leqiubaobei;charset=utf8
[ 2018-09-11T09:38:20+08:00 ][ sql ] [ SQL ] SHOW TABLE STATUS LIKE 'tp_video_episode' [ RunTime:0.040002s ]
[ 2018-09-11T09:38:34+08:00 ][ info ] [ BEHAVIOR ] Run Closure @app_init [ RunTime:0.001000s ]
[ info ] [ LOG ] INIT File
[ 2018-09-11T09:38:34+08:00 ][ info ] [ CACHE ] INIT File
[ 2018-09-11T09:38:34+08:00 ][ info ] [ BEHAVIOR ] Run Closure @app_init [ RunTime:0.005001s ]
[ 2018-09-11T09:38:34+08:00 ][ info ] [ DB ] INIT mysql
[ 2018-09-11T09:38:34+08:00 ][ sql ] [ DB ] CONNECT:[ UseTime:0.010000s ] mysql:host=127.0.0.1;dbname=leqiubaobei;charset=utf8
[ 2018-09-11T09:38:34+08:00 ][ sql ] [ SQL ] SHOW TABLE STATUS LIKE 'tp_video_episode' [ RunTime:0.035002s ]
[ 2018-09-11T09:38:34+08:00 ][ sql ] [ SQL ] SELECT * FROM `information_schema`.`columns` WHERE TABLE_SCHEMA = 'leqiubaobei' AND table_name = 'tp_video_episode' ORDER BY ORDINAL_POSITION [ RunTime:0.030002s ]
[ 2018-09-11T09:43:45+08:00 ][ info ] [ BEHAVIOR ] Run Closure @app_init [ RunTime:0.001000s ]
[ info ] [ LOG ] INIT File
[ 2018-09-11T09:43:45+08:00 ][ info ] [ CACHE ] INIT File
[ 2018-09-11T09:43:45+08:00 ][ info ] [ BEHAVIOR ] Run Closure @app_init [ RunTime:0.006000s ]
[ 2018-09-11T09:43:45+08:00 ][ info ] [ DB ] INIT mysql
[ 2018-09-11T09:43:45+08:00 ][ sql ] [ DB ] CONNECT:[ UseTime:0.055003s ] mysql:host=127.0.0.1;dbname=leqiubaobei;charset=utf8
[ 2018-09-11T09:43:45+08:00 ][ sql ] [ SQL ] SHOW TABLE STATUS LIKE 'tp_video_episode' [ RunTime:0.064004s ]
[ 2018-09-11T09:43:45+08:00 ][ sql ] [ SQL ] SELECT * FROM `information_schema`.`columns` WHERE TABLE_SCHEMA = 'leqiubaobei' AND table_name = 'tp_video_episode' ORDER BY ORDINAL_POSITION [ RunTime:0.022002s ]
[ 2018-09-11T09:44:12+08:00 ][ info ] [ BEHAVIOR ] Run Closure @app_init [ RunTime:0.000000s ]
[ info ] [ LOG ] INIT File
[ 2018-09-11T09:44:12+08:00 ][ info ] [ CACHE ] INIT File
[ 2018-09-11T09:44:12+08:00 ][ info ] [ BEHAVIOR ] Run Closure @app_init [ RunTime:0.005001s ]
[ 2018-09-11T09:44:12+08:00 ][ info ] [ DB ] INIT mysql
[ 2018-09-11T09:44:13+08:00 ][ sql ] [ DB ] CONNECT:[ UseTime:0.052003s ] mysql:host=127.0.0.1;dbname=leqiubaobei;charset=utf8
[ 2018-09-11T09:44:13+08:00 ][ sql ] [ SQL ] SHOW TABLE STATUS LIKE 'tp_video_episode' [ RunTime:0.003000s ]
[ 2018-09-11T09:44:13+08:00 ][ sql ] [ SQL ] SELECT * FROM `information_schema`.`columns` WHERE TABLE_SCHEMA = 'leqiubaobei' AND table_name = 'tp_video_episode' ORDER BY ORDINAL_POSITION [ RunTime:0.002000s ]
[ 2018-09-11T09:47:15+08:00 ][ info ] [ BEHAVIOR ] Run Closure @app_init [ RunTime:0.000000s ]
[ info ] [ LOG ] INIT File
[ 2018-09-11T09:47:15+08:00 ][ info ] [ CACHE ] INIT File
[ 2018-09-11T09:47:15+08:00 ][ info ] [ BEHAVIOR ] Run Closure @app_init [ RunTime:0.004000s ]
[ 2018-09-11T09:47:15+08:00 ][ info ] [ DB ] INIT mysql
[ 2018-09-11T09:47:15+08:00 ][ sql ] [ DB ] CONNECT:[ UseTime:0.022001s ] mysql:host=127.0.0.1;dbname=leqiubaobei;charset=utf8
[ 2018-09-11T09:47:15+08:00 ][ sql ] [ SQL ] SHOW TABLE STATUS LIKE 'tp_video_episode' [ RunTime:0.033002s ]
[ 2018-09-11T09:47:15+08:00 ][ sql ] [ SQL ] SELECT * FROM `information_schema`.`columns` WHERE TABLE_SCHEMA = 'leqiubaobei' AND table_name = 'tp_video_episode' ORDER BY ORDINAL_POSITION [ RunTime:0.040003s ]
[ 2018-09-11T15:46:43+08:00 ][ info ] [ BEHAVIOR ] Run Closure @app_init [ RunTime:0.017001s ]
[ info ] [ LOG ] INIT File
[ 2018-09-11T15:46:43+08:00 ][ info ] [ CACHE ] INIT File
[ 2018-09-11T15:46:43+08:00 ][ info ] [ BEHAVIOR ] Run Closure @app_init [ RunTime:0.007001s ]
[ 2018-09-11T15:46:50+08:00 ][ info ] [ BEHAVIOR ] Run Closure @app_init [ RunTime:0.000000s ]
[ info ] [ LOG ] INIT File
[ 2018-09-11T15:46:50+08:00 ][ info ] [ CACHE ] INIT File
[ 2018-09-11T15:46:50+08:00 ][ info ] [ BEHAVIOR ] Run Closure @app_init [ RunTime:0.006000s ]
[ 2018-09-11T15:46:50+08:00 ][ info ] [ DB ] INIT mysql
[ 2018-09-11T15:46:50+08:00 ][ sql ] [ DB ] CONNECT:[ UseTime:0.036002s ] mysql:host=127.0.0.1;dbname=leqiubaobei;charset=utf8
[ 2018-09-11T15:46:50+08:00 ][ sql ] [ SQL ] SHOW TABLE STATUS LIKE 'tp_audio_classes' [ RunTime:0.049003s ]
[ 2018-09-11T15:46:50+08:00 ][ sql ] [ SQL ] SELECT * FROM `information_schema`.`columns` WHERE TABLE_SCHEMA = 'leqiubaobei' AND table_name = 'tp_audio_classes' ORDER BY ORDINAL_POSITION [ RunTime:0.027001s ]
[ 2018-09-11T15:47:14+08:00 ][ info ] [ BEHAVIOR ] Run Closure @app_init [ RunTime:0.001000s ]
[ info ] [ LOG ] INIT File
[ 2018-09-11T15:47:14+08:00 ][ info ] [ CACHE ] INIT File
[ 2018-09-11T15:47:14+08:00 ][ info ] [ BEHAVIOR ] Run Closure @app_init [ RunTime:0.005001s ]
[ 2018-09-11T15:47:14+08:00 ][ info ] [ DB ] INIT mysql
[ 2018-09-11T15:47:14+08:00 ][ sql ] [ DB ] CONNECT:[ UseTime:0.009001s ] mysql:host=127.0.0.1;dbname=leqiubaobei;charset=utf8
[ 2018-09-11T15:47:14+08:00 ][ sql ] [ SQL ] SHOW TABLE STATUS LIKE 'tp_audio_lesson' [ RunTime:0.027002s ]
[ 2018-09-11T15:47:14+08:00 ][ sql ] [ SQL ] SELECT * FROM `information_schema`.`columns` WHERE TABLE_SCHEMA = 'leqiubaobei' AND table_name = 'tp_audio_lesson' ORDER BY ORDINAL_POSITION [ RunTime:0.002000s ]
[ 2018-09-11T15:47:36+08:00 ][ info ] [ BEHAVIOR ] Run Closure @app_init [ RunTime:0.000000s ]
[ info ] [ LOG ] INIT File
[ 2018-09-11T15:47:36+08:00 ][ info ] [ CACHE ] INIT File
[ 2018-09-11T15:47:36+08:00 ][ info ] [ BEHAVIOR ] Run Closure @app_init [ RunTime:0.006001s ]
[ 2018-09-11T15:47:36+08:00 ][ info ] [ DB ] INIT mysql
[ 2018-09-11T15:47:36+08:00 ][ sql ] [ DB ] CONNECT:[ UseTime:0.009000s ] mysql:host=127.0.0.1;dbname=leqiubaobei;charset=utf8
[ 2018-09-11T15:47:36+08:00 ][ sql ] [ SQL ] SHOW TABLE STATUS LIKE 'tp_audio_episode' [ RunTime:0.003000s ]
[ 2018-09-11T15:47:36+08:00 ][ sql ] [ SQL ] SELECT * FROM `information_schema`.`columns` WHERE TABLE_SCHEMA = 'leqiubaobei' AND table_name = 'tp_audio_episode' ORDER BY ORDINAL_POSITION [ RunTime:0.002000s ]
[ 2018-09-11T15:48:23+08:00 ][ info ] [ BEHAVIOR ] Run Closure @app_init [ RunTime:0.000000s ]
[ info ] [ LOG ] INIT File
[ 2018-09-11T15:48:23+08:00 ][ info ] [ CACHE ] INIT File
[ 2018-09-11T15:48:23+08:00 ][ info ] [ BEHAVIOR ] Run Closure @app_init [ RunTime:0.005001s ]
[ 2018-09-11T15:49:02+08:00 ][ info ] [ BEHAVIOR ] Run Closure @app_init [ RunTime:0.000000s ]
[ info ] [ LOG ] INIT File
[ 2018-09-11T15:49:02+08:00 ][ info ] [ CACHE ] INIT File
[ 2018-09-11T15:49:03+08:00 ][ info ] [ BEHAVIOR ] Run Closure @app_init [ RunTime:0.005000s ]
[ 2018-09-11T15:49:13+08:00 ][ info ] [ BEHAVIOR ] Run Closure @app_init [ RunTime:0.000000s ]
[ info ] [ LOG ] INIT File
[ 2018-09-11T15:49:13+08:00 ][ info ] [ CACHE ] INIT File
[ 2018-09-11T15:49:13+08:00 ][ info ] [ BEHAVIOR ] Run Closure @app_init [ RunTime:0.004001s ]
[ 2018-09-11T15:49:13+08:00 ][ info ] [ DB ] INIT mysql
[ 2018-09-11T15:49:13+08:00 ][ info ] [ LANG ] E:\PHPTools\www\leqiubaobei\application\admin\lang/zh-cn.php
[ 2018-09-11T15:49:13+08:00 ][ sql ] [ DB ] CONNECT:[ UseTime:0.020002s ] mysql:host=127.0.0.1;dbname=leqiubaobei;charset=utf8
[ 2018-09-11T15:49:13+08:00 ][ sql ] [ SQL ] SHOW COLUMNS FROM `fa_auth_rule` [ RunTime:0.035002s ]
[ 2018-09-11T15:49:13+08:00 ][ sql ] [ SQL ] SELECT * FROM `fa_auth_rule` WHERE  `name` = 'audio' LIMIT 1 [ RunTime:0.001000s ]
[ 2018-09-11T15:49:13+08:00 ][ sql ] [ SQL ] INSERT INTO `fa_auth_rule` (`pid` , `name` , `title` , `icon` , `remark` , `ismenu` , `status` , `createtime` , `updatetime`) VALUES (0 , 'audio' , 'audio' , 'fa fa-list' , '' , 1 , 'normal' , 1536652153 , 1536652153) [ RunTime:0.037002s ]
[ 2018-09-11T15:49:13+08:00 ][ sql ] [ SQL ] SELECT * FROM `fa_auth_rule` WHERE  `name` = 'audio/classes' LIMIT 1 [ RunTime:0.002000s ]
[ 2018-09-11T15:49:13+08:00 ][ sql ] [ SQL ] INSERT INTO `fa_auth_rule` (`pid` , `name` , `title` , `icon` , `remark` , `ismenu` , `status` , `createtime` , `updatetime`) VALUES (116 , 'audio/classes' , '班级管理' , 'fa fa-circle-o' , '' , 1 , 'normal' , 1536652153 , 1536652153) [ RunTime:0.027002s ]
[ 2018-09-11T15:49:13+08:00 ][ sql ] [ SQL ] SELECT `id` FROM `fa_auth_rule` WHERE  `name` = 'audio/classes/index' LIMIT 1 [ RunTime:0.002000s ]
[ 2018-09-11T15:49:13+08:00 ][ sql ] [ SQL ] SELECT `id` FROM `fa_auth_rule` WHERE  `name` = 'audio/classes/add' LIMIT 1 [ RunTime:0.001000s ]
[ 2018-09-11T15:49:13+08:00 ][ sql ] [ SQL ] SELECT `id` FROM `fa_auth_rule` WHERE  `name` = 'audio/classes/edit' LIMIT 1 [ RunTime:0.001001s ]
[ 2018-09-11T15:49:13+08:00 ][ sql ] [ SQL ] SELECT `id` FROM `fa_auth_rule` WHERE  `name` = 'audio/classes/del' LIMIT 1 [ RunTime:0.001000s ]
[ 2018-09-11T15:49:13+08:00 ][ sql ] [ SQL ] SELECT `id` FROM `fa_auth_rule` WHERE  `name` = 'audio/classes/multi' LIMIT 1 [ RunTime:0.001000s ]
[ 2018-09-11T15:49:14+08:00 ][ sql ] [ SQL ] INSERT INTO `fa_auth_rule` (`id` , `pid` , `name` , `icon` , `title` , `ismenu` , `status` , `createtime` , `updatetime`) VALUES (NULL , 117 , 'audio/classes/index' , 'fa fa-circle-o' , '查看' , 0 , 'normal' , 1536652154 , 1536652154) [ RunTime:0.052003s ]
[ 2018-09-11T15:49:14+08:00 ][ sql ] [ SQL ] INSERT INTO `fa_auth_rule` (`id` , `pid` , `name` , `icon` , `title` , `ismenu` , `status` , `createtime` , `updatetime`) VALUES (NULL , 117 , 'audio/classes/add' , 'fa fa-circle-o' , '添加' , 0 , 'normal' , 1536652154 , 1536652154) [ RunTime:0.025002s ]
[ 2018-09-11T15:49:14+08:00 ][ sql ] [ SQL ] INSERT INTO `fa_auth_rule` (`id` , `pid` , `name` , `icon` , `title` , `ismenu` , `status` , `createtime` , `updatetime`) VALUES (NULL , 117 , 'audio/classes/edit' , 'fa fa-circle-o' , '编辑' , 0 , 'normal' , 1536652154 , 1536652154) [ RunTime:0.001000s ]
[ 2018-09-11T15:49:14+08:00 ][ sql ] [ SQL ] INSERT INTO `fa_auth_rule` (`id` , `pid` , `name` , `icon` , `title` , `ismenu` , `status` , `createtime` , `updatetime`) VALUES (NULL , 117 , 'audio/classes/del' , 'fa fa-circle-o' , '删除' , 0 , 'normal' , 1536652154 , 1536652154) [ RunTime:0.002000s ]
[ 2018-09-11T15:49:14+08:00 ][ sql ] [ SQL ] INSERT INTO `fa_auth_rule` (`id` , `pid` , `name` , `icon` , `title` , `ismenu` , `status` , `createtime` , `updatetime`) VALUES (NULL , 117 , 'audio/classes/multi' , 'fa fa-circle-o' , '批量更新' , 0 , 'normal' , 1536652154 , 1536652154) [ RunTime:0.001000s ]
[ 2018-09-11T15:49:57+08:00 ][ info ] [ BEHAVIOR ] Run Closure @app_init [ RunTime:0.000000s ]
[ info ] [ LOG ] INIT File
[ 2018-09-11T15:49:57+08:00 ][ info ] [ CACHE ] INIT File
[ 2018-09-11T15:49:57+08:00 ][ info ] [ BEHAVIOR ] Run Closure @app_init [ RunTime:0.007001s ]
[ 2018-09-11T15:49:58+08:00 ][ info ] [ DB ] INIT mysql
[ 2018-09-11T15:49:58+08:00 ][ info ] [ LANG ] E:\PHPTools\www\leqiubaobei\application\admin\lang/zh-cn.php
[ 2018-09-11T15:49:58+08:00 ][ sql ] [ DB ] CONNECT:[ UseTime:0.009000s ] mysql:host=127.0.0.1;dbname=leqiubaobei;charset=utf8
[ 2018-09-11T15:49:58+08:00 ][ sql ] [ SQL ] SHOW COLUMNS FROM `fa_auth_rule` [ RunTime:0.043002s ]
[ 2018-09-11T15:49:58+08:00 ][ sql ] [ SQL ] SELECT * FROM `fa_auth_rule` WHERE  `name` = 'audio' LIMIT 1 [ RunTime:0.003001s ]
[ 2018-09-11T15:49:58+08:00 ][ sql ] [ SQL ] SELECT * FROM `fa_auth_rule` WHERE  `name` = 'audio/lesson' LIMIT 1 [ RunTime:0.007000s ]
[ 2018-09-11T15:49:58+08:00 ][ sql ] [ SQL ] INSERT INTO `fa_auth_rule` (`pid` , `name` , `title` , `icon` , `remark` , `ismenu` , `status` , `createtime` , `updatetime`) VALUES (116 , 'audio/lesson' , '课程管理' , 'fa fa-circle-o' , '' , 1 , 'normal' , 1536652198 , 1536652198) [ RunTime:0.035002s ]
[ 2018-09-11T15:49:58+08:00 ][ sql ] [ SQL ] SELECT `id` FROM `fa_auth_rule` WHERE  `name` = 'audio/lesson/index' LIMIT 1 [ RunTime:0.001000s ]
[ 2018-09-11T15:49:58+08:00 ][ sql ] [ SQL ] SELECT `id` FROM `fa_auth_rule` WHERE  `name` = 'audio/lesson/add' LIMIT 1 [ RunTime:0.002000s ]
[ 2018-09-11T15:49:58+08:00 ][ sql ] [ SQL ] SELECT `id` FROM `fa_auth_rule` WHERE  `name` = 'audio/lesson/edit' LIMIT 1 [ RunTime:0.002000s ]
[ 2018-09-11T15:49:58+08:00 ][ sql ] [ SQL ] SELECT `id` FROM `fa_auth_rule` WHERE  `name` = 'audio/lesson/del' LIMIT 1 [ RunTime:0.002000s ]
[ 2018-09-11T15:49:58+08:00 ][ sql ] [ SQL ] SELECT `id` FROM `fa_auth_rule` WHERE  `name` = 'audio/lesson/multi' LIMIT 1 [ RunTime:0.001000s ]
[ 2018-09-11T15:49:58+08:00 ][ sql ] [ SQL ] INSERT INTO `fa_auth_rule` (`id` , `pid` , `name` , `icon` , `title` , `ismenu` , `status` , `createtime` , `updatetime`) VALUES (NULL , 123 , 'audio/lesson/index' , 'fa fa-circle-o' , '查看' , 0 , 'normal' , 1536652198 , 1536652198) [ RunTime:0.017001s ]
[ 2018-09-11T15:49:58+08:00 ][ sql ] [ SQL ] INSERT INTO `fa_auth_rule` (`id` , `pid` , `name` , `icon` , `title` , `ismenu` , `status` , `createtime` , `updatetime`) VALUES (NULL , 123 , 'audio/lesson/add' , 'fa fa-circle-o' , '添加' , 0 , 'normal' , 1536652198 , 1536652198) [ RunTime:0.001000s ]
[ 2018-09-11T15:49:58+08:00 ][ sql ] [ SQL ] INSERT INTO `fa_auth_rule` (`id` , `pid` , `name` , `icon` , `title` , `ismenu` , `status` , `createtime` , `updatetime`) VALUES (NULL , 123 , 'audio/lesson/edit' , 'fa fa-circle-o' , '编辑' , 0 , 'normal' , 1536652198 , 1536652198) [ RunTime:0.001000s ]
[ 2018-09-11T15:49:58+08:00 ][ sql ] [ SQL ] INSERT INTO `fa_auth_rule` (`id` , `pid` , `name` , `icon` , `title` , `ismenu` , `status` , `createtime` , `updatetime`) VALUES (NULL , 123 , 'audio/lesson/del' , 'fa fa-circle-o' , '删除' , 0 , 'normal' , 1536652198 , 1536652198) [ RunTime:0.054003s ]
[ 2018-09-11T15:49:58+08:00 ][ sql ] [ SQL ] INSERT INTO `fa_auth_rule` (`id` , `pid` , `name` , `icon` , `title` , `ismenu` , `status` , `createtime` , `updatetime`) VALUES (NULL , 123 , 'audio/lesson/multi' , 'fa fa-circle-o' , '批量更新' , 0 , 'normal' , 1536652198 , 1536652198) [ RunTime:0.001000s ]
[ 2018-09-11T15:50:05+08:00 ][ info ] [ BEHAVIOR ] Run Closure @app_init [ RunTime:0.000000s ]
[ info ] [ LOG ] INIT File
[ 2018-09-11T15:50:05+08:00 ][ info ] [ CACHE ] INIT File
[ 2018-09-11T15:50:05+08:00 ][ info ] [ BEHAVIOR ] Run Closure @app_init [ RunTime:0.005000s ]
[ 2018-09-11T15:50:05+08:00 ][ info ] [ DB ] INIT mysql
[ 2018-09-11T15:50:05+08:00 ][ info ] [ LANG ] E:\PHPTools\www\leqiubaobei\application\admin\lang/zh-cn.php
[ 2018-09-11T15:50:05+08:00 ][ sql ] [ DB ] CONNECT:[ UseTime:0.010001s ] mysql:host=127.0.0.1;dbname=leqiubaobei;charset=utf8
[ 2018-09-11T15:50:05+08:00 ][ sql ] [ SQL ] SHOW COLUMNS FROM `fa_auth_rule` [ RunTime:0.002000s ]
[ 2018-09-11T15:50:05+08:00 ][ sql ] [ SQL ] SELECT * FROM `fa_auth_rule` WHERE  `name` = 'audio' LIMIT 1 [ RunTime:0.001000s ]
[ 2018-09-11T15:50:05+08:00 ][ sql ] [ SQL ] SELECT * FROM `fa_auth_rule` WHERE  `name` = 'audio/episode' LIMIT 1 [ RunTime:0.001000s ]
[ 2018-09-11T15:50:05+08:00 ][ sql ] [ SQL ] INSERT INTO `fa_auth_rule` (`pid` , `name` , `title` , `icon` , `remark` , `ismenu` , `status` , `createtime` , `updatetime`) VALUES (116 , 'audio/episode' , '集数管理' , 'fa fa-circle-o' , '' , 1 , 'normal' , 1536652205 , 1536652205) [ RunTime:0.070004s ]
[ 2018-09-11T15:50:05+08:00 ][ sql ] [ SQL ] SELECT `id` FROM `fa_auth_rule` WHERE  `name` = 'audio/episode/index' LIMIT 1 [ RunTime:0.001000s ]
[ 2018-09-11T15:50:05+08:00 ][ sql ] [ SQL ] SELECT `id` FROM `fa_auth_rule` WHERE  `name` = 'audio/episode/add' LIMIT 1 [ RunTime:0.001000s ]
[ 2018-09-11T15:50:05+08:00 ][ sql ] [ SQL ] SELECT `id` FROM `fa_auth_rule` WHERE  `name` = 'audio/episode/edit' LIMIT 1 [ RunTime:0.001000s ]
[ 2018-09-11T15:50:05+08:00 ][ sql ] [ SQL ] SELECT `id` FROM `fa_auth_rule` WHERE  `name` = 'audio/episode/del' LIMIT 1 [ RunTime:0.001000s ]
[ 2018-09-11T15:50:05+08:00 ][ sql ] [ SQL ] SELECT `id` FROM `fa_auth_rule` WHERE  `name` = 'audio/episode/multi' LIMIT 1 [ RunTime:0.001000s ]
[ 2018-09-11T15:50:05+08:00 ][ sql ] [ SQL ] INSERT INTO `fa_auth_rule` (`id` , `pid` , `name` , `icon` , `title` , `ismenu` , `status` , `createtime` , `updatetime`) VALUES (NULL , 129 , 'audio/episode/index' , 'fa fa-circle-o' , '查看' , 0 , 'normal' , 1536652205 , 1536652205) [ RunTime:0.025002s ]
[ 2018-09-11T15:50:05+08:00 ][ sql ] [ SQL ] INSERT INTO `fa_auth_rule` (`id` , `pid` , `name` , `icon` , `title` , `ismenu` , `status` , `createtime` , `updatetime`) VALUES (NULL , 129 , 'audio/episode/add' , 'fa fa-circle-o' , '添加' , 0 , 'normal' , 1536652205 , 1536652205) [ RunTime:0.012001s ]
[ 2018-09-11T15:50:05+08:00 ][ sql ] [ SQL ] INSERT INTO `fa_auth_rule` (`id` , `pid` , `name` , `icon` , `title` , `ismenu` , `status` , `createtime` , `updatetime`) VALUES (NULL , 129 , 'audio/episode/edit' , 'fa fa-circle-o' , '编辑' , 0 , 'normal' , 1536652205 , 1536652205) [ RunTime:0.001000s ]
[ 2018-09-11T15:50:05+08:00 ][ sql ] [ SQL ] INSERT INTO `fa_auth_rule` (`id` , `pid` , `name` , `icon` , `title` , `ismenu` , `status` , `createtime` , `updatetime`) VALUES (NULL , 129 , 'audio/episode/del' , 'fa fa-circle-o' , '删除' , 0 , 'normal' , 1536652205 , 1536652205) [ RunTime:0.000000s ]
[ 2018-09-11T15:50:05+08:00 ][ sql ] [ SQL ] INSERT INTO `fa_auth_rule` (`id` , `pid` , `name` , `icon` , `title` , `ismenu` , `status` , `createtime` , `updatetime`) VALUES (NULL , 129 , 'audio/episode/multi' , 'fa fa-circle-o' , '批量更新' , 0 , 'normal' , 1536652205 , 1536652205) [ RunTime:0.000000s ]
[ 2018-09-11T16:17:53+08:00 ][ info ] [ BEHAVIOR ] Run Closure @app_init [ RunTime:0.001000s ]
[ info ] [ LOG ] INIT File
[ 2018-09-11T16:17:53+08:00 ][ info ] [ CACHE ] INIT File
[ 2018-09-11T16:17:53+08:00 ][ info ] [ BEHAVIOR ] Run Closure @app_init [ RunTime:0.005000s ]
[ 2018-09-11T16:17:53+08:00 ][ info ] [ DB ] INIT mysql
[ 2018-09-11T16:17:53+08:00 ][ sql ] [ DB ] CONNECT:[ UseTime:0.018001s ] mysql:host=127.0.0.1;dbname=leqiubaobei;charset=utf8
[ 2018-09-11T16:17:53+08:00 ][ sql ] [ SQL ] SHOW TABLE STATUS LIKE 'tp_video_question' [ RunTime:0.003000s ]
[ 2018-09-11T16:17:53+08:00 ][ sql ] [ SQL ] SELECT * FROM `information_schema`.`columns` WHERE TABLE_SCHEMA = 'leqiubaobei' AND table_name = 'tp_video_question' ORDER BY ORDINAL_POSITION [ RunTime:0.002000s ]
[ 2018-09-11T16:50:43+08:00 ][ info ] [ BEHAVIOR ] Run Closure @app_init [ RunTime:0.000000s ]
[ info ] [ LOG ] INIT File
[ 2018-09-11T16:50:43+08:00 ][ info ] [ CACHE ] INIT File
[ 2018-09-11T16:50:43+08:00 ][ info ] [ BEHAVIOR ] Run Closure @app_init [ RunTime:0.004000s ]
[ 2018-09-11T16:50:43+08:00 ][ info ] [ DB ] INIT mysql
[ 2018-09-11T16:50:43+08:00 ][ sql ] [ DB ] CONNECT:[ UseTime:0.018001s ] mysql:host=127.0.0.1;dbname=leqiubaobei;charset=utf8
[ 2018-09-11T16:50:43+08:00 ][ sql ] [ SQL ] SHOW TABLE STATUS LIKE 'tp_video_question' [ RunTime:0.003001s ]
[ 2018-09-11T16:50:43+08:00 ][ sql ] [ SQL ] SELECT * FROM `information_schema`.`columns` WHERE TABLE_SCHEMA = 'leqiubaobei' AND table_name = 'tp_video_question' ORDER BY ORDINAL_POSITION [ RunTime:0.001000s ]
[ 2018-09-11T17:07:44+08:00 ][ info ] [ BEHAVIOR ] Run Closure @app_init [ RunTime:0.000000s ]
[ info ] [ LOG ] INIT File
[ 2018-09-11T17:07:44+08:00 ][ info ] [ CACHE ] INIT File
[ 2018-09-11T17:07:44+08:00 ][ info ] [ BEHAVIOR ] Run Closure @app_init [ RunTime:0.004000s ]
[ 2018-09-11T17:07:44+08:00 ][ info ] [ DB ] INIT mysql
[ 2018-09-11T17:07:44+08:00 ][ sql ] [ DB ] CONNECT:[ UseTime:0.012001s ] mysql:host=127.0.0.1;dbname=leqiubaobei;charset=utf8
[ 2018-09-11T17:07:44+08:00 ][ sql ] [ SQL ] SHOW TABLE STATUS LIKE 'tp_video_question' [ RunTime:0.003000s ]
[ 2018-09-11T17:07:44+08:00 ][ sql ] [ SQL ] SELECT * FROM `information_schema`.`columns` WHERE TABLE_SCHEMA = 'leqiubaobei' AND table_name = 'tp_video_question' ORDER BY ORDINAL_POSITION [ RunTime:0.003001s ]
[ 2018-09-11T17:08:22+08:00 ][ info ] [ BEHAVIOR ] Run Closure @app_init [ RunTime:0.000000s ]
[ info ] [ LOG ] INIT File
[ 2018-09-11T17:08:22+08:00 ][ info ] [ CACHE ] INIT File
[ 2018-09-11T17:08:22+08:00 ][ info ] [ BEHAVIOR ] Run Closure @app_init [ RunTime:0.007000s ]
[ 2018-09-11T17:08:22+08:00 ][ info ] [ DB ] INIT mysql
[ 2018-09-11T17:08:22+08:00 ][ sql ] [ DB ] CONNECT:[ UseTime:0.010001s ] mysql:host=127.0.0.1;dbname=leqiubaobei;charset=utf8
[ 2018-09-11T17:08:22+08:00 ][ sql ] [ SQL ] SHOW TABLE STATUS LIKE 'tp_video_question' [ RunTime:0.032002s ]
[ 2018-09-11T17:08:22+08:00 ][ sql ] [ SQL ] SELECT * FROM `information_schema`.`columns` WHERE TABLE_SCHEMA = 'leqiubaobei' AND table_name = 'tp_video_question' ORDER BY ORDINAL_POSITION [ RunTime:0.002000s ]
[ 2018-09-11T18:07:56+08:00 ][ info ] [ BEHAVIOR ] Run Closure @app_init [ RunTime:0.000000s ]
[ info ] [ LOG ] INIT File
[ 2018-09-11T18:07:56+08:00 ][ info ] [ CACHE ] INIT File
[ 2018-09-11T18:07:56+08:00 ][ info ] [ BEHAVIOR ] Run Closure @app_init [ RunTime:0.006000s ]
[ 2018-09-11T18:08:04+08:00 ][ info ] [ BEHAVIOR ] Run Closure @app_init [ RunTime:0.000000s ]
[ info ] [ LOG ] INIT File
[ 2018-09-11T18:08:04+08:00 ][ info ] [ CACHE ] INIT File
[ 2018-09-11T18:08:04+08:00 ][ info ] [ BEHAVIOR ] Run Closure @app_init [ RunTime:0.004000s ]
[ 2018-09-11T18:08:25+08:00 ][ info ] [ BEHAVIOR ] Run Closure @app_init [ RunTime:0.000000s ]
[ info ] [ LOG ] INIT File
[ 2018-09-11T18:08:25+08:00 ][ info ] [ CACHE ] INIT File
[ 2018-09-11T18:08:25+08:00 ][ info ] [ BEHAVIOR ] Run Closure @app_init [ RunTime:0.005000s ]
[ 2018-09-11T18:08:25+08:00 ][ info ] [ DB ] INIT mysql
[ 2018-09-11T18:08:25+08:00 ][ sql ] [ DB ] CONNECT:[ UseTime:0.009000s ] mysql:host=127.0.0.1;dbname=leqiubaobei;charset=utf8
[ 2018-09-11T18:08:25+08:00 ][ sql ] [ SQL ] SHOW TABLE STATUS LIKE 'video_classes' [ RunTime:0.002000s ]
[ 2018-09-11T18:08:25+08:00 ][ sql ] [ SQL ] SHOW TABLE STATUS LIKE 'fa_video_classes' [ RunTime:0.050003s ]
[ 2018-09-11T18:08:36+08:00 ][ info ] [ BEHAVIOR ] Run Closure @app_init [ RunTime:0.000000s ]
[ info ] [ LOG ] INIT File
[ 2018-09-11T18:08:36+08:00 ][ info ] [ CACHE ] INIT File
[ 2018-09-11T18:08:36+08:00 ][ info ] [ BEHAVIOR ] Run Closure @app_init [ RunTime:0.005000s ]
[ 2018-09-11T18:08:37+08:00 ][ info ] [ DB ] INIT mysql
[ 2018-09-11T18:08:37+08:00 ][ sql ] [ DB ] CONNECT:[ UseTime:0.010000s ] mysql:host=127.0.0.1;dbname=leqiubaobei;charset=utf8
[ 2018-09-11T18:08:37+08:00 ][ sql ] [ SQL ] SHOW TABLE STATUS LIKE 'video_classes' [ RunTime:0.002000s ]
[ 2018-09-11T18:08:37+08:00 ][ sql ] [ SQL ] SHOW TABLE STATUS LIKE 'fa_video_classes' [ RunTime:0.003000s ]
[ 2018-09-11T18:08:37+08:00 ][ sql ] [ SQL ] SELECT * FROM `information_schema`.`columns` WHERE TABLE_SCHEMA = 'leqiubaobei' AND table_name = 'fa_video_classes' ORDER BY ORDINAL_POSITION [ RunTime:0.034002s ]
[ 2018-09-11T18:09:15+08:00 ][ info ] [ BEHAVIOR ] Run Closure @app_init [ RunTime:0.001000s ]
[ info ] [ LOG ] INIT File
[ 2018-09-11T18:09:15+08:00 ][ info ] [ CACHE ] INIT File
[ 2018-09-11T18:09:15+08:00 ][ info ] [ BEHAVIOR ] Run Closure @app_init [ RunTime:0.006001s ]
[ 2018-09-11T18:09:15+08:00 ][ info ] [ DB ] INIT mysql
[ 2018-09-11T18:09:15+08:00 ][ sql ] [ DB ] CONNECT:[ UseTime:0.011001s ] mysql:host=127.0.0.1;dbname=leqiubaobei;charset=utf8
[ 2018-09-11T18:09:15+08:00 ][ sql ] [ SQL ] SHOW TABLE STATUS LIKE 'video_lesson' [ RunTime:0.002000s ]
[ 2018-09-11T18:09:15+08:00 ][ sql ] [ SQL ] SHOW TABLE STATUS LIKE 'fa_video_lesson' [ RunTime:0.066004s ]
[ 2018-09-11T18:09:15+08:00 ][ sql ] [ SQL ] SELECT * FROM `information_schema`.`columns` WHERE TABLE_SCHEMA = 'leqiubaobei' AND table_name = 'fa_video_lesson' ORDER BY ORDINAL_POSITION [ RunTime:0.005000s ]
[ 2018-09-11T18:09:28+08:00 ][ info ] [ BEHAVIOR ] Run Closure @app_init [ RunTime:0.000000s ]
[ info ] [ LOG ] INIT File
[ 2018-09-11T18:09:28+08:00 ][ info ] [ CACHE ] INIT File
[ 2018-09-11T18:09:28+08:00 ][ info ] [ BEHAVIOR ] Run Closure @app_init [ RunTime:0.005000s ]
[ 2018-09-11T18:09:28+08:00 ][ info ] [ DB ] INIT mysql
[ 2018-09-11T18:09:28+08:00 ][ sql ] [ DB ] CONNECT:[ UseTime:0.008001s ] mysql:host=127.0.0.1;dbname=leqiubaobei;charset=utf8
[ 2018-09-11T18:09:28+08:00 ][ sql ] [ SQL ] SHOW TABLE STATUS LIKE 'video_question' [ RunTime:0.002000s ]
[ 2018-09-11T18:09:28+08:00 ][ sql ] [ SQL ] SHOW TABLE STATUS LIKE 'fa_video_question' [ RunTime:0.058003s ]
[ 2018-09-11T18:09:28+08:00 ][ sql ] [ SQL ] SELECT * FROM `information_schema`.`columns` WHERE TABLE_SCHEMA = 'leqiubaobei' AND table_name = 'fa_video_question' ORDER BY ORDINAL_POSITION [ RunTime:0.005000s ]
[ 2018-09-11T18:09:52+08:00 ][ info ] [ BEHAVIOR ] Run Closure @app_init [ RunTime:0.000000s ]
[ info ] [ LOG ] INIT File
[ 2018-09-11T18:09:52+08:00 ][ info ] [ CACHE ] INIT File
[ 2018-09-11T18:09:52+08:00 ][ info ] [ BEHAVIOR ] Run Closure @app_init [ RunTime:0.005001s ]
[ 2018-09-11T18:09:52+08:00 ][ info ] [ DB ] INIT mysql
[ 2018-09-11T18:09:52+08:00 ][ sql ] [ DB ] CONNECT:[ UseTime:0.012001s ] mysql:host=127.0.0.1;dbname=leqiubaobei;charset=utf8
[ 2018-09-11T18:09:52+08:00 ][ sql ] [ SQL ] SHOW TABLE STATUS LIKE 'video_singledance' [ RunTime:0.003000s ]
[ 2018-09-11T18:09:52+08:00 ][ sql ] [ SQL ] SHOW TABLE STATUS LIKE 'fa_video_singledance' [ RunTime:0.120007s ]
[ 2018-09-11T18:09:52+08:00 ][ sql ] [ SQL ] SELECT * FROM `information_schema`.`columns` WHERE TABLE_SCHEMA = 'leqiubaobei' AND table_name = 'fa_video_singledance' ORDER BY ORDINAL_POSITION [ RunTime:0.003000s ]
[ 2018-09-11T18:10:34+08:00 ][ info ] [ BEHAVIOR ] Run Closure @app_init [ RunTime:0.000000s ]
[ info ] [ LOG ] INIT File
[ 2018-09-11T18:10:34+08:00 ][ info ] [ CACHE ] INIT File
[ 2018-09-11T18:10:34+08:00 ][ info ] [ BEHAVIOR ] Run Closure @app_init [ RunTime:0.005000s ]
[ 2018-09-11T18:10:34+08:00 ][ info ] [ DB ] INIT mysql
[ 2018-09-11T18:10:34+08:00 ][ sql ] [ DB ] CONNECT:[ UseTime:0.010001s ] mysql:host=127.0.0.1;dbname=leqiubaobei;charset=utf8
[ 2018-09-11T18:10:34+08:00 ][ sql ] [ SQL ] SHOW TABLE STATUS LIKE 'audio_classes' [ RunTime:0.003000s ]
[ 2018-09-11T18:10:34+08:00 ][ sql ] [ SQL ] SHOW TABLE STATUS LIKE 'fa_audio_classes' [ RunTime:0.003000s ]
[ 2018-09-11T18:10:34+08:00 ][ sql ] [ SQL ] SELECT * FROM `information_schema`.`columns` WHERE TABLE_SCHEMA = 'leqiubaobei' AND table_name = 'fa_audio_classes' ORDER BY ORDINAL_POSITION [ RunTime:0.003001s ]
[ 2018-09-11T18:10:51+08:00 ][ info ] [ BEHAVIOR ] Run Closure @app_init [ RunTime:0.000000s ]
[ info ] [ LOG ] INIT File
[ 2018-09-11T18:10:51+08:00 ][ info ] [ CACHE ] INIT File
[ 2018-09-11T18:10:51+08:00 ][ info ] [ BEHAVIOR ] Run Closure @app_init [ RunTime:0.004000s ]
[ 2018-09-11T18:10:51+08:00 ][ info ] [ DB ] INIT mysql
[ 2018-09-11T18:10:51+08:00 ][ sql ] [ DB ] CONNECT:[ UseTime:0.010001s ] mysql:host=127.0.0.1;dbname=leqiubaobei;charset=utf8
[ 2018-09-11T18:10:51+08:00 ][ sql ] [ SQL ] SHOW TABLE STATUS LIKE 'audio_episode' [ RunTime:0.001000s ]
[ 2018-09-11T18:10:51+08:00 ][ sql ] [ SQL ] SHOW TABLE STATUS LIKE 'fa_audio_episode' [ RunTime:0.057003s ]
[ 2018-09-11T18:10:51+08:00 ][ sql ] [ SQL ] SELECT * FROM `information_schema`.`columns` WHERE TABLE_SCHEMA = 'leqiubaobei' AND table_name = 'fa_audio_episode' ORDER BY ORDINAL_POSITION [ RunTime:0.003000s ]
[ 2018-09-11T18:11:08+08:00 ][ info ] [ BEHAVIOR ] Run Closure @app_init [ RunTime:0.000000s ]
[ info ] [ LOG ] INIT File
[ 2018-09-11T18:11:08+08:00 ][ info ] [ CACHE ] INIT File
[ 2018-09-11T18:11:08+08:00 ][ info ] [ BEHAVIOR ] Run Closure @app_init [ RunTime:0.004000s ]
[ 2018-09-11T18:11:09+08:00 ][ info ] [ DB ] INIT mysql
[ 2018-09-11T18:11:09+08:00 ][ sql ] [ DB ] CONNECT:[ UseTime:0.011001s ] mysql:host=127.0.0.1;dbname=leqiubaobei;charset=utf8
[ 2018-09-11T18:11:09+08:00 ][ sql ] [ SQL ] SHOW TABLE STATUS LIKE 'audio_lesson' [ RunTime:0.002000s ]
[ 2018-09-11T18:11:09+08:00 ][ sql ] [ SQL ] SHOW TABLE STATUS LIKE 'fa_audio_lesson' [ RunTime:0.073004s ]
[ 2018-09-11T18:11:09+08:00 ][ sql ] [ SQL ] SELECT * FROM `information_schema`.`columns` WHERE TABLE_SCHEMA = 'leqiubaobei' AND table_name = 'fa_audio_lesson' ORDER BY ORDINAL_POSITION [ RunTime:0.003000s ]
[ 2018-09-11T18:16:21+08:00 ][ info ] [ BEHAVIOR ] Run Closure @app_init [ RunTime:0.000000s ]
[ info ] [ LOG ] INIT File
[ 2018-09-11T18:16:21+08:00 ][ info ] [ CACHE ] INIT File
[ 2018-09-11T18:16:21+08:00 ][ info ] [ BEHAVIOR ] Run Closure @app_init [ RunTime:0.005000s ]
[ 2018-09-11T18:16:21+08:00 ][ info ] [ DB ] INIT mysql
[ 2018-09-11T18:16:21+08:00 ][ sql ] [ DB ] CONNECT:[ UseTime:0.010001s ] mysql:host=127.0.0.1;dbname=leqiubaobei;charset=utf8
[ 2018-09-11T18:16:21+08:00 ][ sql ] [ SQL ] SHOW TABLE STATUS LIKE 'video_episode' [ RunTime:0.002000s ]
[ 2018-09-11T18:16:21+08:00 ][ sql ] [ SQL ] SHOW TABLE STATUS LIKE 'fa_video_episode' [ RunTime:0.031002s ]
[ 2018-09-11T18:16:21+08:00 ][ sql ] [ SQL ] SELECT * FROM `information_schema`.`columns` WHERE TABLE_SCHEMA = 'leqiubaobei' AND table_name = 'fa_video_episode' ORDER BY ORDINAL_POSITION [ RunTime:0.002000s ]
[ 2018-09-11T18:17:09+08:00 ][ info ] [ BEHAVIOR ] Run Closure @app_init [ RunTime:0.001000s ]
[ info ] [ LOG ] INIT File
[ 2018-09-11T18:17:09+08:00 ][ info ] [ CACHE ] INIT File
[ 2018-09-11T18:17:09+08:00 ][ info ] [ BEHAVIOR ] Run Closure @app_init [ RunTime:0.006001s ]
[ 2018-09-11T18:17:09+08:00 ][ info ] [ DB ] INIT mysql
[ 2018-09-11T18:17:09+08:00 ][ sql ] [ DB ] CONNECT:[ UseTime:0.011000s ] mysql:host=127.0.0.1;dbname=leqiubaobei;charset=utf8
[ 2018-09-11T18:17:09+08:00 ][ sql ] [ SQL ] SHOW TABLE STATUS LIKE 'video_question' [ RunTime:0.002001s ]
[ 2018-09-11T18:17:09+08:00 ][ sql ] [ SQL ] SHOW TABLE STATUS LIKE 'fa_video_question' [ RunTime:0.002000s ]
[ 2018-09-11T18:17:09+08:00 ][ sql ] [ SQL ] SELECT * FROM `information_schema`.`columns` WHERE TABLE_SCHEMA = 'leqiubaobei' AND table_name = 'fa_video_question' ORDER BY ORDINAL_POSITION [ RunTime:0.002000s ]
[ 2018-09-11T20:16:29+08:00 ][ info ] [ BEHAVIOR ] Run Closure @app_init [ RunTime:0.000000s ]
[ info ] [ LOG ] INIT File
[ 2018-09-11T20:16:29+08:00 ][ info ] [ CACHE ] INIT File
[ 2018-09-11T20:16:29+08:00 ][ info ] [ BEHAVIOR ] Run Closure @app_init [ RunTime:0.007001s ]
[ 2018-09-11T20:16:29+08:00 ][ info ] [ DB ] INIT mysql
[ 2018-09-11T20:16:29+08:00 ][ sql ] [ DB ] CONNECT:[ UseTime:0.026001s ] mysql:host=127.0.0.1;dbname=leqiubaobei;charset=utf8
[ 2018-09-11T20:16:29+08:00 ][ sql ] [ SQL ] SHOW TABLE STATUS LIKE 'video_question' [ RunTime:0.044003s ]
[ 2018-09-11T20:16:29+08:00 ][ sql ] [ SQL ] SHOW TABLE STATUS LIKE 'fa_video_question' [ RunTime:0.021001s ]
[ 2018-09-11T20:16:29+08:00 ][ sql ] [ SQL ] SELECT * FROM `information_schema`.`columns` WHERE TABLE_SCHEMA = 'leqiubaobei' AND table_name = 'fa_video_question' ORDER BY ORDINAL_POSITION [ RunTime:0.013000s ]
[ 2018-09-11T20:34:40+08:00 ][ info ] [ BEHAVIOR ] Run Closure @app_init [ RunTime:0.000000s ]
[ info ] [ LOG ] INIT File
[ 2018-09-11T20:34:40+08:00 ][ info ] [ CACHE ] INIT File
[ 2018-09-11T20:34:40+08:00 ][ info ] [ BEHAVIOR ] Run Closure @app_init [ RunTime:0.005000s ]
[ 2018-09-11T20:34:40+08:00 ][ info ] [ DB ] INIT mysql
[ 2018-09-11T20:34:41+08:00 ][ sql ] [ DB ] CONNECT:[ UseTime:0.020001s ] mysql:host=127.0.0.1;dbname=leqiubaobei;charset=utf8
[ 2018-09-11T20:34:41+08:00 ][ sql ] [ SQL ] SHOW TABLE STATUS LIKE 'video_singledance' [ RunTime:0.002001s ]
[ 2018-09-11T20:34:41+08:00 ][ sql ] [ SQL ] SHOW TABLE STATUS LIKE 'fa_video_singledance' [ RunTime:0.020001s ]
[ 2018-09-11T20:34:41+08:00 ][ sql ] [ SQL ] SELECT * FROM `information_schema`.`columns` WHERE TABLE_SCHEMA = 'leqiubaobei' AND table_name = 'fa_video_singledance' ORDER BY ORDINAL_POSITION [ RunTime:0.002000s ]
